Collection status has changed. 1
Collection has been started.
Collection has stopped. Application exit code:  0
Finalizing results
Finalizing the result
Clearing the database
The database has been cleared, elapsed time is 1.035 seconds.
Loading raw data to the database
Loading 'systemcollector-20456-PROGRAMMER20.amplituda.loc.sc' file
Loading '14628-20540.0.trace' file
Loading 'userapicollector-20540-80c9c9a3.trace' file
Updating precomputed scalar metrics
Raw data has been loaded to the database, elapsed time is 0.397 seconds.
Processing profile metrics and debug information
Data transformations have been finished, elapsed time is 0.003 seconds.
Setting data model parameters
Resolving module symbols
Resolving information for `ittnotify_collector.dll'
Resolving information for `KERNEL32.DLL'
Resolving information for `n-body.exe'
Resolving information for `MSVCP140D.dll'
Resolving information for `ntdll.dll'
Resolving information for `tpsstool.dll'
Resolving information for `ucrtbased.dll'
Resolving information for `KERNELBASE.dll'
Warning: Cannot locate debugging information for file `C:\Program Files (x86)\Intel\oneAPI\advisor\2024.1\bin64\runtime\ittnotify_collector.dll'.
Warning: Cannot locate debugging information for file `C:\windows\System32\KERNEL32.DLL'.
Warning: Cannot locate debugging information for file `C:\windows\SYSTEM32\ntdll.dll'.
Warning: Cannot locate debugging information for file `C:\Program Files (x86)\Intel\oneAPI\advisor\2024.1\bin64\tpsstool.dll'.
Finalization may slow down when loading files from the symbol server specified in the project properties.
Warning: Cannot locate debugging information for file `C:\windows\SYSTEM32\MSVCP140D.dll'.
Warning: Cannot locate debugging information for file `C:\windows\System32\KERNELBASE.dll'.
Warning: Cannot locate debugging information for file `C:\windows\SYSTEM32\ucrtbased.dll'.
Resolving bottom user stack information
Resolving thread name information
Resolving call target names for dynamic code
Symbol resolution has been finished, elapsed time is 1.536 seconds.
Processing profile metrics and debug information
Deferred data transformations have been finished, elapsed time is 0.017 seconds.
Setting data model parameters
Data model parameters have been set, elapsed time is 0.043 seconds.
Precomputing frequently used data
Precomputing frequently used data
Updating precomputed scalar metrics
Precomputing frequently used data has been finished, elapsed time is 0.085 seconds.
Discarding redundant overtime data
Saving the result
Redundant overtime data has been discarded, elapsed time is 0.007 seconds.
Raw collector data has been discarded, elapsed time is 0.000 seconds.
Finalizing the result took 3.414 seconds.
Preparing data for display of survey call tree
Resolving module symbols
Resolving information for dangling locations
Resolving bottom user stack information
Resolving thread name information
Resolving call target names for dynamic code
Precomputing frequently used data
