<?xml version="1.0" encoding="utf-8"?>
<log version="1.0" tool="runtool">

<msg id="1" tool="runtool">
  <type>log-start</type>
  <arg>2024/05/15 13:50:12</arg>
</msg>
<msg id="2" tool="runtool">
  <type>collector-starts</type>
</msg>
<msg id="3" tool="runtool">
  <type>marker-file</type>
  <arg>C:\Users\shumkin\Documents\GitHub\Education\HPS\n-bodys_new\n-body\n-body\e000\mp002\mp002.advixe</arg>
</msg>
<msg id="4" tool="tc">
  <type>START</type>
  <severity>INFO</severity>
  <timestamp>Wed May 15 13:50:12 2024</timestamp>
</msg>
<msg id="5" tool="tc">
  <type>EXEC_OF_INTEREST</type>
  <arg>c:\users\shumkin\documents\github\education\hps\n-bodys_new\n-body\x64\debug\n-body.exe</arg>
  <arg>10092</arg>
  <severity>INFO</severity>
  <timestamp>Wed May 15 13:50:12 2024</timestamp>
</msg>
<msg id="6" tool="tc">
  <type>LOAD_MODULE</type>
  <arg>c:\users\shumkin\documents\github\education\hps\n-bodys_new\n-body\x64\debug\n-body.exe</arg>
  <arg>0x7ff7d6770000</arg>
  <arg>0x7ff7d6789fff</arg>
  <arg>1</arg>
  <severity>INFO</severity>
  <timestamp>Wed May 15 13:50:13 2024</timestamp>
</msg>
<msg id="7" tool="tc">
  <type>LOAD_MODULE</type>
  <arg>c:\windows\system32\kernelbase.dll</arg>
  <arg>0x7ffdb5760000</arg>
  <arg>0x7ffdb5a55fff</arg>
  <arg>2</arg>
  <severity>INFO</severity>
  <timestamp>Wed May 15 13:50:13 2024</timestamp>
</msg>
<msg id="8" tool="tc">
  <type>LOAD_MODULE</type>
  <arg>c:\windows\system32\kernel32.dll</arg>
  <arg>0x7ffdb6d50000</arg>
  <arg>0x7ffdb6e0cfff</arg>
  <arg>3</arg>
  <severity>INFO</severity>
  <timestamp>Wed May 15 13:50:13 2024</timestamp>
</msg>
<msg id="9" tool="tc">
  <type>LOAD_MODULE</type>
  <arg>c:\windows\system32\ntdll.dll</arg>
  <arg>0x7ffdb7ed0000</arg>
  <arg>0x7ffdb80c7fff</arg>
  <arg>4</arg>
  <severity>INFO</severity>
  <timestamp>Wed May 15 13:50:13 2024</timestamp>
</msg>
<msg id="10" tool="tc">
  <type>LOAD_MODULE</type>
  <arg>c:\windows\system32\vcruntime140d.dll</arg>
  <arg>0x7ffd9b4b0000</arg>
  <arg>0x7ffd9b4ddfff</arg>
  <arg>5</arg>
  <severity>INFO</severity>
  <timestamp>Wed May 15 13:50:16 2024</timestamp>
</msg>
<msg id="11" tool="tc">
  <type>LOAD_MODULE</type>
  <arg>c:\windows\system32\msvcp140d.dll</arg>
  <arg>0x7ffcef430000</arg>
  <arg>0x7ffcef510fff</arg>
  <arg>6</arg>
  <severity>INFO</severity>
  <timestamp>Wed May 15 13:50:16 2024</timestamp>
</msg>
<msg id="12" tool="tc">
  <type>LOAD_MODULE</type>
  <arg>c:\program files (x86)\intel\oneapi\compiler\2024.1\bin\libmmdd.dll</arg>
  <arg>0x7ffcef000000</arg>
  <arg>0x7ffcef42cfff</arg>
  <arg>7</arg>
  <severity>INFO</severity>
  <timestamp>Wed May 15 13:50:16 2024</timestamp>
</msg>
<msg id="13" tool="tc">
  <type>LOAD_MODULE</type>
  <arg>c:\program files (x86)\intel\oneapi\compiler\2024.1\bin\libiomp5md.dll</arg>
  <arg>0x7ffceeea0000</arg>
  <arg>0x7ffceeffbfff</arg>
  <arg>8</arg>
  <severity>INFO</severity>
  <timestamp>Wed May 15 13:50:16 2024</timestamp>
</msg>
<msg id="14" tool="tc">
  <type>LOAD_MODULE</type>
  <arg>c:\windows\system32\vcruntime140_1d.dll</arg>
  <arg>0x7ffdb10d0000</arg>
  <arg>0x7ffdb10defff</arg>
  <arg>9</arg>
  <severity>INFO</severity>
  <timestamp>Wed May 15 13:50:16 2024</timestamp>
</msg>
<msg id="15" tool="tc">
  <type>LOAD_MODULE</type>
  <arg>c:\windows\system32\ucrtbased.dll</arg>
  <arg>0x7ffceec70000</arg>
  <arg>0x7ffceee90fff</arg>
  <arg>10</arg>
  <severity>INFO</severity>
  <timestamp>Wed May 15 13:50:16 2024</timestamp>
</msg>
<msg id="16" tool="tc">
  <type>LOAD_MODULE</type>
  <arg>c:\windows\system32\ucrtbase.dll</arg>
  <arg>0x7ffdb5d50000</arg>
  <arg>0x7ffdb5e4ffff</arg>
  <arg>11</arg>
  <severity>INFO</severity>
  <timestamp>Wed May 15 13:50:17 2024</timestamp>
</msg>
<msg id="17" tool="tc">
  <type>LOAD_MODULE</type>
  <arg>c:\windows\system32\vcruntime140.dll</arg>
  <arg>0x7ffd9acf0000</arg>
  <arg>0x7ffd9ad0cfff</arg>
  <arg>12</arg>
  <severity>INFO</severity>
  <timestamp>Wed May 15 13:50:17 2024</timestamp>
</msg>
<msg id="18" tool="tc">
  <type>LOAD_MODULE</type>
  <arg>c:\windows\system32\kernel.appcore.dll</arg>
  <arg>0x7ffdb3220000</arg>
  <arg>0x7ffdb3231fff</arg>
  <arg>13</arg>
  <severity>INFO</severity>
  <timestamp>Wed May 15 13:50:32 2024</timestamp>
</msg>
<msg id="19" tool="tc">
  <type>LOAD_MODULE</type>
  <arg>c:\windows\system32\msvcrt.dll</arg>
  <arg>0x7ffdb6e10000</arg>
  <arg>0x7ffdb6eadfff</arg>
  <arg>14</arg>
  <severity>INFO</severity>
  <timestamp>Wed May 15 13:50:32 2024</timestamp>
</msg>
<msg id="20" tool="tc">
  <type>LOAD_MODULE</type>
  <arg>c:\windows\system32\rpcrt4.dll</arg>
  <arg>0x7ffdb6b40000</arg>
  <arg>0x7ffdb6c62fff</arg>
  <arg>15</arg>
  <severity>INFO</severity>
  <timestamp>Wed May 15 13:50:33 2024</timestamp>
</msg>
<msg id="21" tool="tc">
  <type>UNLOAD_MODULE</type>
  <arg>c:\users\shumkin\documents\github\education\hps\n-bodys_new\n-body\x64\debug\n-body.exe</arg>
  <arg>1</arg>
  <severity>INFO</severity>
  <timestamp>Wed May 15 13:50:35 2024</timestamp>
</msg>
<msg id="22" tool="tc">
  <type>UNLOAD_MODULE</type>
  <arg>c:\windows\system32\kernelbase.dll</arg>
  <arg>2</arg>
  <severity>INFO</severity>
  <timestamp>Wed May 15 13:50:35 2024</timestamp>
</msg>
<msg id="23" tool="tc">
  <type>UNLOAD_MODULE</type>
  <arg>c:\windows\system32\kernel32.dll</arg>
  <arg>3</arg>
  <severity>INFO</severity>
  <timestamp>Wed May 15 13:50:35 2024</timestamp>
</msg>
<msg id="24" tool="tc">
  <type>UNLOAD_MODULE</type>
  <arg>c:\windows\system32\ntdll.dll</arg>
  <arg>4</arg>
  <severity>INFO</severity>
  <timestamp>Wed May 15 13:50:35 2024</timestamp>
</msg>
<msg id="25" tool="tc">
  <type>UNLOAD_MODULE</type>
  <arg>c:\windows\system32\vcruntime140d.dll</arg>
  <arg>5</arg>
  <severity>INFO</severity>
  <timestamp>Wed May 15 13:50:35 2024</timestamp>
</msg>
<msg id="26" tool="tc">
  <type>UNLOAD_MODULE</type>
  <arg>c:\windows\system32\msvcp140d.dll</arg>
  <arg>6</arg>
  <severity>INFO</severity>
  <timestamp>Wed May 15 13:50:35 2024</timestamp>
</msg>
<msg id="27" tool="tc">
  <type>UNLOAD_MODULE</type>
  <arg>c:\program files (x86)\intel\oneapi\compiler\2024.1\bin\libmmdd.dll</arg>
  <arg>7</arg>
  <severity>INFO</severity>
  <timestamp>Wed May 15 13:50:35 2024</timestamp>
</msg>
<msg id="28" tool="tc">
  <type>UNLOAD_MODULE</type>
  <arg>c:\program files (x86)\intel\oneapi\compiler\2024.1\bin\libiomp5md.dll</arg>
  <arg>8</arg>
  <severity>INFO</severity>
  <timestamp>Wed May 15 13:50:35 2024</timestamp>
</msg>
<msg id="29" tool="tc">
  <type>UNLOAD_MODULE</type>
  <arg>c:\windows\system32\vcruntime140_1d.dll</arg>
  <arg>9</arg>
  <severity>INFO</severity>
  <timestamp>Wed May 15 13:50:35 2024</timestamp>
</msg>
<msg id="30" tool="tc">
  <type>UNLOAD_MODULE</type>
  <arg>c:\windows\system32\ucrtbased.dll</arg>
  <arg>10</arg>
  <severity>INFO</severity>
  <timestamp>Wed May 15 13:50:35 2024</timestamp>
</msg>
<msg id="31" tool="tc">
  <type>UNLOAD_MODULE</type>
  <arg>c:\windows\system32\ucrtbase.dll</arg>
  <arg>11</arg>
  <severity>INFO</severity>
  <timestamp>Wed May 15 13:50:35 2024</timestamp>
</msg>
<msg id="32" tool="tc">
  <type>UNLOAD_MODULE</type>
  <arg>c:\windows\system32\vcruntime140.dll</arg>
  <arg>12</arg>
  <severity>INFO</severity>
  <timestamp>Wed May 15 13:50:35 2024</timestamp>
</msg>
<msg id="33" tool="tc">
  <type>UNLOAD_MODULE</type>
  <arg>c:\windows\system32\kernel.appcore.dll</arg>
  <arg>13</arg>
  <severity>INFO</severity>
  <timestamp>Wed May 15 13:50:35 2024</timestamp>
</msg>
<msg id="34" tool="tc">
  <type>UNLOAD_MODULE</type>
  <arg>c:\windows\system32\msvcrt.dll</arg>
  <arg>14</arg>
  <severity>INFO</severity>
  <timestamp>Wed May 15 13:50:35 2024</timestamp>
</msg>
<msg id="35" tool="tc">
  <type>UNLOAD_MODULE</type>
  <arg>c:\windows\system32\rpcrt4.dll</arg>
  <arg>15</arg>
  <severity>INFO</severity>
  <timestamp>Wed May 15 13:50:35 2024</timestamp>
</msg>
<msg id="36" tool="tc">
  <type>PROCESS_TERMINATE</type>
  <arg>c:\users\shumkin\documents\github\education\hps\n-bodys_new\n-body\x64\debug\n-body.exe</arg>
  <arg>10092</arg>
  <severity>INFO</severity>
  <timestamp>Wed May 15 13:50:35 2024</timestamp>
</msg>
<msg id="37" tool="tc">
  <type>NO_ANNOTATIONS</type>
  <severity>WARNING</severity>
  <timestamp>Wed May 15 13:50:35 2024</timestamp>
</msg>
<msg id="38" tool="tc">
  <type>ANALYSIS_COMPLETE</type>
  <severity>INFO</severity>
  <timestamp>Wed May 15 13:50:35 2024</timestamp>
</msg>
<msg id="39" tool="tc">
  <type>STOP</type>
  <severity>INFO</severity>
  <timestamp>Wed May 15 13:50:35 2024</timestamp>
</msg>
<msg id="40" tool="runtool">
  <type>app-exit-code</type>
  <arg>0</arg>
</msg>
<msg id="41" tool="runtool">
  <type>marker-file</type>
  <arg>C:\Users\shumkin\Documents\GitHub\Education\HPS\n-bodys_new\n-body\n-body\e000\mp002\mp002.advixe</arg>
</msg>
<msg id="42" tool="runtool">
  <type>collector-done</type>
</msg>
<msg id="43" tool="runtool">
  <type>log-end</type>
  <arg>2024/05/15 13:50:39</arg>
</msg>

</log>

