<?xml version="1.0" encoding="utf-8" ?>
<!-- DO NOT EDIT THIS FILE -->

<log version='2.0' source='tcet'>
	<!-- Opened annotation file C:\Program Files (x86)\Intel\oneAPI\advisor\2024.1\bin64\..\config\tc\map.ant -->
	<!-- Opened annotation file C:\Program Files (x86)\Intel\oneAPI\advisor\2024.1\bin64\..\config\tc\allocators.ant -->
	<msg id='1' display='false' source='map'>
		<type>START</type>
		<severity>INFO</severity>
		<timestamp>Wed May 15 13:50:12 2024</timestamp>
	</msg>
	<!-- Successfully loaded CCRT 13.15.8 at address 0x7ffd8db90000 - 0x7ffd8dbb1000 -->
	<!-- Successfully loaded the TC Analysis Core 8.23.1 at address 0x7ffd34460000 - 0x7ffd34491000 -->
	<!-- Successfully loaded the TC Instrumentation Engine 8.23.1 at address 0x5a130000 - 0x5a3db000 -->
	<!-- Environment: INTEL_LIBITTNOTIFY32=C:\Program Files (x86)\Intel\oneAPI\advisor\2024.1\bin32\runtime\libittnotify.dll -->
	<!-- Environment: INTEL_LIBITTNOTIFY64=C:\Program Files (x86)\Intel\oneAPI\advisor\2024.1\bin64\runtime\libittnotify.dll -->
	<!-- Environment: INTEL_JIT_PROFILER32=C:\Program Files (x86)\Intel\oneAPI\advisor\2024.1\bin32\pinjitprofiling.dll -->
	<!-- Environment: INTEL_JIT_PROFILER64=C:\Program Files (x86)\Intel\oneAPI\advisor\2024.1\bin64\pinjitprofiling.dll -->
	<!-- This is the instance of interest -->
	<msg id='2' source='tcet'>
		<type>EXEC_OF_INTEREST</type>
		<severity>INFO</severity>
		<timestamp>Wed May 15 13:50:12 2024</timestamp>
		<arg name='process'>c:\users\shumkin\documents\github\education\hps\n-bodys_new\n-body\x64\debug\n-body.exe</arg>
		<arg name='pid'>10092</arg>
	</msg>
	<msg id='3' source='tcet'>
		<type>LOAD_MODULE</type>
		<severity>INFO</severity>
		<timestamp>Wed May 15 13:50:13 2024</timestamp>
		<arg name='module'>c:\users\shumkin\documents\github\education\hps\n-bodys_new\n-body\x64\debug\n-body.exe</arg>
		<arg name='basement'>0x7ff7d6770000</arg>
		<arg name='ceiling'>0x7ff7d6789fff</arg>
		<arg name='id'>1</arg>
	</msg>
	<msg id='4' source='tcet'>
		<type>LOAD_MODULE</type>
		<severity>INFO</severity>
		<timestamp>Wed May 15 13:50:13 2024</timestamp>
		<arg name='module'>c:\windows\system32\kernelbase.dll</arg>
		<arg name='basement'>0x7ffdb5760000</arg>
		<arg name='ceiling'>0x7ffdb5a55fff</arg>
		<arg name='id'>2</arg>
	</msg>
	<msg id='5' source='tcet'>
		<type>LOAD_MODULE</type>
		<severity>INFO</severity>
		<timestamp>Wed May 15 13:50:13 2024</timestamp>
		<arg name='module'>c:\windows\system32\kernel32.dll</arg>
		<arg name='basement'>0x7ffdb6d50000</arg>
		<arg name='ceiling'>0x7ffdb6e0cfff</arg>
		<arg name='id'>3</arg>
	</msg>
	<msg id='6' source='tcet'>
		<type>LOAD_MODULE</type>
		<severity>INFO</severity>
		<timestamp>Wed May 15 13:50:13 2024</timestamp>
		<arg name='module'>c:\windows\system32\ntdll.dll</arg>
		<arg name='basement'>0x7ffdb7ed0000</arg>
		<arg name='ceiling'>0x7ffdb80c7fff</arg>
		<arg name='id'>4</arg>
	</msg>
	<msg id='7' source='tcet'>
		<type>LOAD_MODULE</type>
		<severity>INFO</severity>
		<timestamp>Wed May 15 13:50:16 2024</timestamp>
		<arg name='module'>c:\windows\system32\vcruntime140d.dll</arg>
		<arg name='basement'>0x7ffd9b4b0000</arg>
		<arg name='ceiling'>0x7ffd9b4ddfff</arg>
		<arg name='id'>5</arg>
	</msg>
	<msg id='8' source='tcet'>
		<type>LOAD_MODULE</type>
		<severity>INFO</severity>
		<timestamp>Wed May 15 13:50:16 2024</timestamp>
		<arg name='module'>c:\windows\system32\msvcp140d.dll</arg>
		<arg name='basement'>0x7ffcef430000</arg>
		<arg name='ceiling'>0x7ffcef510fff</arg>
		<arg name='id'>6</arg>
	</msg>
	<msg id='9' source='tcet'>
		<type>LOAD_MODULE</type>
		<severity>INFO</severity>
		<timestamp>Wed May 15 13:50:16 2024</timestamp>
		<arg name='module'>c:\program files (x86)\intel\oneapi\compiler\2024.1\bin\libmmdd.dll</arg>
		<arg name='basement'>0x7ffcef000000</arg>
		<arg name='ceiling'>0x7ffcef42cfff</arg>
		<arg name='id'>7</arg>
	</msg>
	<msg id='10' source='tcet'>
		<type>LOAD_MODULE</type>
		<severity>INFO</severity>
		<timestamp>Wed May 15 13:50:16 2024</timestamp>
		<arg name='module'>c:\program files (x86)\intel\oneapi\compiler\2024.1\bin\libiomp5md.dll</arg>
		<arg name='basement'>0x7ffceeea0000</arg>
		<arg name='ceiling'>0x7ffceeffbfff</arg>
		<arg name='id'>8</arg>
	</msg>
	<msg id='11' source='tcet'>
		<type>LOAD_MODULE</type>
		<severity>INFO</severity>
		<timestamp>Wed May 15 13:50:16 2024</timestamp>
		<arg name='module'>c:\windows\system32\vcruntime140_1d.dll</arg>
		<arg name='basement'>0x7ffdb10d0000</arg>
		<arg name='ceiling'>0x7ffdb10defff</arg>
		<arg name='id'>9</arg>
	</msg>
	<msg id='12' source='tcet'>
		<type>LOAD_MODULE</type>
		<severity>INFO</severity>
		<timestamp>Wed May 15 13:50:16 2024</timestamp>
		<arg name='module'>c:\windows\system32\ucrtbased.dll</arg>
		<arg name='basement'>0x7ffceec70000</arg>
		<arg name='ceiling'>0x7ffceee90fff</arg>
		<arg name='id'>10</arg>
	</msg>
	<msg id='13' source='tcet'>
		<type>LOAD_MODULE</type>
		<severity>INFO</severity>
		<timestamp>Wed May 15 13:50:17 2024</timestamp>
		<arg name='module'>c:\windows\system32\ucrtbase.dll</arg>
		<arg name='basement'>0x7ffdb5d50000</arg>
		<arg name='ceiling'>0x7ffdb5e4ffff</arg>
		<arg name='id'>11</arg>
	</msg>
	<msg id='14' source='tcet'>
		<type>LOAD_MODULE</type>
		<severity>INFO</severity>
		<timestamp>Wed May 15 13:50:17 2024</timestamp>
		<arg name='module'>c:\windows\system32\vcruntime140.dll</arg>
		<arg name='basement'>0x7ffd9acf0000</arg>
		<arg name='ceiling'>0x7ffd9ad0cfff</arg>
		<arg name='id'>12</arg>
	</msg>
	<msg id='15' source='tcet'>
		<type>LOAD_MODULE</type>
		<severity>INFO</severity>
		<timestamp>Wed May 15 13:50:32 2024</timestamp>
		<arg name='module'>c:\windows\system32\kernel.appcore.dll</arg>
		<arg name='basement'>0x7ffdb3220000</arg>
		<arg name='ceiling'>0x7ffdb3231fff</arg>
		<arg name='id'>13</arg>
	</msg>
	<msg id='16' source='tcet'>
		<type>LOAD_MODULE</type>
		<severity>INFO</severity>
		<timestamp>Wed May 15 13:50:32 2024</timestamp>
		<arg name='module'>c:\windows\system32\msvcrt.dll</arg>
		<arg name='basement'>0x7ffdb6e10000</arg>
		<arg name='ceiling'>0x7ffdb6eadfff</arg>
		<arg name='id'>14</arg>
	</msg>
	<msg id='17' source='tcet'>
		<type>LOAD_MODULE</type>
		<severity>INFO</severity>
		<timestamp>Wed May 15 13:50:33 2024</timestamp>
		<arg name='module'>c:\windows\system32\rpcrt4.dll</arg>
		<arg name='basement'>0x7ffdb6b40000</arg>
		<arg name='ceiling'>0x7ffdb6c62fff</arg>
		<arg name='id'>15</arg>
	</msg>
	<msg id='18' source='tcet'>
		<type>UNLOAD_MODULE</type>
		<severity>INFO</severity>
		<timestamp>Wed May 15 13:50:35 2024</timestamp>
		<arg name='module'>c:\users\shumkin\documents\github\education\hps\n-bodys_new\n-body\x64\debug\n-body.exe</arg>
		<arg name='id'>1</arg>
	</msg>
	<msg id='19' source='tcet'>
		<type>UNLOAD_MODULE</type>
		<severity>INFO</severity>
		<timestamp>Wed May 15 13:50:35 2024</timestamp>
		<arg name='module'>c:\windows\system32\kernelbase.dll</arg>
		<arg name='id'>2</arg>
	</msg>
	<msg id='20' source='tcet'>
		<type>UNLOAD_MODULE</type>
		<severity>INFO</severity>
		<timestamp>Wed May 15 13:50:35 2024</timestamp>
		<arg name='module'>c:\windows\system32\kernel32.dll</arg>
		<arg name='id'>3</arg>
	</msg>
	<msg id='21' source='tcet'>
		<type>UNLOAD_MODULE</type>
		<severity>INFO</severity>
		<timestamp>Wed May 15 13:50:35 2024</timestamp>
		<arg name='module'>c:\windows\system32\ntdll.dll</arg>
		<arg name='id'>4</arg>
	</msg>
	<msg id='22' source='tcet'>
		<type>UNLOAD_MODULE</type>
		<severity>INFO</severity>
		<timestamp>Wed May 15 13:50:35 2024</timestamp>
		<arg name='module'>c:\windows\system32\vcruntime140d.dll</arg>
		<arg name='id'>5</arg>
	</msg>
	<msg id='23' source='tcet'>
		<type>UNLOAD_MODULE</type>
		<severity>INFO</severity>
		<timestamp>Wed May 15 13:50:35 2024</timestamp>
		<arg name='module'>c:\windows\system32\msvcp140d.dll</arg>
		<arg name='id'>6</arg>
	</msg>
	<msg id='24' source='tcet'>
		<type>UNLOAD_MODULE</type>
		<severity>INFO</severity>
		<timestamp>Wed May 15 13:50:35 2024</timestamp>
		<arg name='module'>c:\program files (x86)\intel\oneapi\compiler\2024.1\bin\libmmdd.dll</arg>
		<arg name='id'>7</arg>
	</msg>
	<msg id='25' source='tcet'>
		<type>UNLOAD_MODULE</type>
		<severity>INFO</severity>
		<timestamp>Wed May 15 13:50:35 2024</timestamp>
		<arg name='module'>c:\program files (x86)\intel\oneapi\compiler\2024.1\bin\libiomp5md.dll</arg>
		<arg name='id'>8</arg>
	</msg>
	<msg id='26' source='tcet'>
		<type>UNLOAD_MODULE</type>
		<severity>INFO</severity>
		<timestamp>Wed May 15 13:50:35 2024</timestamp>
		<arg name='module'>c:\windows\system32\vcruntime140_1d.dll</arg>
		<arg name='id'>9</arg>
	</msg>
	<msg id='27' source='tcet'>
		<type>UNLOAD_MODULE</type>
		<severity>INFO</severity>
		<timestamp>Wed May 15 13:50:35 2024</timestamp>
		<arg name='module'>c:\windows\system32\ucrtbased.dll</arg>
		<arg name='id'>10</arg>
	</msg>
	<msg id='28' source='tcet'>
		<type>UNLOAD_MODULE</type>
		<severity>INFO</severity>
		<timestamp>Wed May 15 13:50:35 2024</timestamp>
		<arg name='module'>c:\windows\system32\ucrtbase.dll</arg>
		<arg name='id'>11</arg>
	</msg>
	<msg id='29' source='tcet'>
		<type>UNLOAD_MODULE</type>
		<severity>INFO</severity>
		<timestamp>Wed May 15 13:50:35 2024</timestamp>
		<arg name='module'>c:\windows\system32\vcruntime140.dll</arg>
		<arg name='id'>12</arg>
	</msg>
	<msg id='30' source='tcet'>
		<type>UNLOAD_MODULE</type>
		<severity>INFO</severity>
		<timestamp>Wed May 15 13:50:35 2024</timestamp>
		<arg name='module'>c:\windows\system32\kernel.appcore.dll</arg>
		<arg name='id'>13</arg>
	</msg>
	<msg id='31' source='tcet'>
		<type>UNLOAD_MODULE</type>
		<severity>INFO</severity>
		<timestamp>Wed May 15 13:50:35 2024</timestamp>
		<arg name='module'>c:\windows\system32\msvcrt.dll</arg>
		<arg name='id'>14</arg>
	</msg>
	<msg id='32' source='tcet'>
		<type>UNLOAD_MODULE</type>
		<severity>INFO</severity>
		<timestamp>Wed May 15 13:50:35 2024</timestamp>
		<arg name='module'>c:\windows\system32\rpcrt4.dll</arg>
		<arg name='id'>15</arg>
	</msg>
	<msg id='33' source='tcet'>
		<type>PROCESS_TERMINATE</type>
		<severity>INFO</severity>
		<timestamp>Wed May 15 13:50:35 2024</timestamp>
		<arg name='process'>c:\users\shumkin\documents\github\education\hps\n-bodys_new\n-body\x64\debug\n-body.exe</arg>
		<arg name='pid'>10092</arg>
	</msg>
	<msg id='34' source='map'>
		<type>NO_ANNOTATIONS</type>
		<severity>WARNING</severity>
		<timestamp>Wed May 15 13:50:35 2024</timestamp>
	</msg>
	<msg id='35' display='false' source='map'>
		<type>ANALYSIS_COMPLETE</type>
		<severity>INFO</severity>
		<timestamp>Wed May 15 13:50:35 2024</timestamp>
	</msg>
	<msg id='36' display='false' source='map'>
		<type>STOP</type>
		<severity>INFO</severity>
		<timestamp>Wed May 15 13:50:35 2024</timestamp>
	</msg>
</log>