Collection status has changed. 1
Collection has been started.
Collection has stopped. Application exit code:  0
Loading cached program model
Cache load failed
Loading collected suitability data
Finalizing results
Finalizing the result
Clearing the database
The database has been cleared, elapsed time is 0.633 seconds.
Loading raw data to the database
Loading 'systemcollector-21004-PROGRAMMER20.amplituda.loc.sc' file
Loading '2384-19444.0.trace' file
Loading 'userapicollector-19444-8ecd0cc5.trace' file
Updating precomputed scalar metrics
Raw data has been loaded to the database, elapsed time is 0.277 seconds.
Processing profile metrics and debug information
Data transformations have been finished, elapsed time is 0.003 seconds.
Setting data model parameters
Resolving module symbols
Resolving information for `ittnotify_collector.dll'
Resolving information for `ntdll.dll'
Resolving information for `n-body.exe'
Resolving information for `KERNEL32.DLL'
Warning: Cannot locate debugging information for file `C:\windows\System32\KERNEL32.DLL'.
Warning: Cannot locate debugging information for file `C:\Program Files (x86)\Intel\oneAPI\advisor\2024.1\bin64\runtime\ittnotify_collector.dll'.
Warning: Cannot locate debugging information for file `C:\windows\SYSTEM32\ntdll.dll'.
Resolving bottom user stack information
Resolving thread name information
Resolving call target names for dynamic code
Symbol resolution has been finished, elapsed time is 1.236 seconds.
Processing profile metrics and debug information
Deferred data transformations have been finished, elapsed time is 0.015 seconds.
Setting data model parameters
Data model parameters have been set, elapsed time is 0.033 seconds.
Precomputing frequently used data
Precomputing frequently used data
Updating precomputed scalar metrics
Precomputing frequently used data has been finished, elapsed time is 0.039 seconds.
Discarding redundant overtime data
Saving the result
Redundant overtime data has been discarded, elapsed time is 0.003 seconds.
Raw collector data has been discarded, elapsed time is 0.000 seconds.
Finalizing the result took 2.497 seconds.
Resolving module symbols
Resolving information for dangling locations
Resolving bottom user stack information
Resolving thread name information
Resolving call target names for dynamic code
Precomputing frequently used data
Saving the result
Building program model
Building program model
Saving program model
Caching program model
Preparing data for efficient display
Preparing data for efficient display
