95 [676] INFO perfrun.launcher <> - Launcher main begin
108 [676] INFO perfrun.launcher <> - MessageCatalogInit finished
108 [676] INFO perfrun.launcher <> - Launcher instance created
108 [676] INFO perfrun.launcher <> - argc = 7; cmdline = C:\Workspace\Intel_VTune_Profiler_2024.0.0\Intel_VTune_Profiler_2024.0.0\bin64\amplxe-runss.exe --ui-output-format xml --ui-output-fd 1064 --option-file C:\Users\sdp\Documents\VTune\Projects\sample (matrix)\r002ps\config\runsa.options 
123 [676] INFO perfrun.launcher <> - New signal handler callback was added
258 [676] INFO perfrun.launcher <> - create msngr2::ICliToolContext
259 [676] INFO perfrun.launcher <> - create file finder object
259 [676] INFO perfrun.launcher <> - create a result directory: pattern = C:\Users\sdp\Documents\VTune\Projects\sample (matrix)\r002ps pid = 4294967295
265 [676] INFO perfrun.launcher <> - create data directory = C:\Users\sdp\Documents\VTune\Projects\sample (matrix)\r002ps\data.0
266 [676] INFO perfrun.launcher <> - Creating the master collection flag
270 [676] INFO perfrun.launcher <> - Done creating the master collection flag
270 [5164] INFO perfrun.launcher <> - plugin [remoteplug] was disabled because it doesn't support the given collection type.
271 [5164] INFO perfrun.sdk <> - Allocating TMU :C:\Users\sdp\Documents\VTune\Projects\sample (matrix)\r002ps\data.0\systemcollector-7904-9049FA0A8AC9.sc
271 [5164] INFO perfrun.launcher <> - plugin [] was disabled because it doesn't support the given collection type.
271 [5164] INFO perfrun.launcher <> - plugin [itt] was disabled because it doesn't support the given collection type.
271 [5164] INFO perfrun.launcher <> - plugin [] was disabled because it doesn't support the given collection type.
271 [5164] INFO perfrun.launcher <> - plugin [gpu] was disabled because it doesn't support the given collection type.
271 [5164] INFO perfrun.launcher <> - plugin [etw.kernel] was disabled because it doesn't support the given collection type.
271 [5164] INFO perfrun.launcher <> - plugin [etw.dx] was disabled because it doesn't support the given collection type.
271 [5164] INFO perfrun.launcher <> - plugin [etw.wsa] was disabled because it doesn't support the given collection type.
271 [5164] INFO perfrun.mrte <> - system-wide mode is 0
272 [5164] INFO perfrun.mrte <> - Getting  mrte profiling environment ...
353 [5164] INFO perfrun.mrte <> - INTEL_MRTE_DATA_DIR=C:\Users\sdp\Documents\VTune\Projects\sample (matrix)\r002ps\data.0
353 [5164] INFO perfrun.mrte <> - INTEL_MRTE_HOST_NAME=9049FA0A8AC9
353 [5164] INFO perfrun.mrte <> - JAVA_TOOL_OPTIONS=-agentlib:amplxe_samplingmrte_javaprof_1.0
353 [5164] INFO perfrun.mrte <> - PATH=C:\Workspace\Intel_VTune_Profiler_2024.0.0\Intel_VTune_Profiler_2024.0.0\bin32\runtime;C:\Workspace\Intel_VTune_Profiler_2024.0.0\Intel_VTune_Profiler_2024.0.0\bin64\runtime;C:\Windows\system32;C:\Windows;C:\Windows\System32\Wbem;C:\Windows\System32\WindowsPowerShell\v1.0\;C:\Windows\System32\OpenSSH\;C:\Program Files\Git\cmd;C:\Users\sdp\AppData\Local\Microsoft\WindowsApps
353 [5164] INFO perfrun.mrte <> - COR_ENABLE_PROFILING=1
353 [5164] INFO perfrun.mrte <> - COR_PROFILER={AA5E4821-E3B1-479c-B7FF-5AD047D22CED}
353 [5164] INFO perfrun.mrte <> - COMPLUS_ProfAPI_ProfilerCompatibilitySetting=EnableV2Profiler
353 [5164] INFO perfrun.mrte <> - CORECLR_ENABLE_PROFILING=1
353 [5164] INFO perfrun.mrte <> - CORECLR_PROFILER={AA5E4821-E3B1-479c-B7FF-5AD047D22CED}
353 [5164] INFO perfrun.mrte <> - CORECLR_PROFILER_PATH=C:\Workspace\Intel_VTune_Profiler_2024.0.0\Intel_VTune_Profiler_2024.0.0\bin64/amplxe_samplingmrte_clrprof_1.0.dll
353 [5164] INFO perfrun.mrte <> - INTEL_MRTE_PROFILER_MODE=mixed
353 [5164] INFO perfrun.mrte <> - Data directory: C:\Users\sdp\Documents\VTune\Projects\sample (matrix)\r002ps\data.0
353 [5164] INFO perfrun.mrte <> - Mrte plugin is initialized
353 [5164] INFO perfrun.sdk <> - runCmd: C:\Workspace\Intel_VTune_Profiler_2024.0.0\Intel_VTune_Profiler_2024.0.0\bin64\emon.exe -v
361 [5164] INFO perfrun.sdk <> - runCmd started PID 8512
693 [5164] INFO perfrun.emon <> - Extracted TSC Frequency = 2.3808e+09 from emon -v
693 [5164] INFO perfrun.metrics <> - Identified PMU type as undefined
694 [5164] INFO perfrun.launcher <> - plugin [cuscol] was disabled because it doesn't support the given collection type.
694 [5164] INFO perfrun.launcher <> - plugin [stdsrc] was disabled because it doesn't support the given collection type.
694 [5164] INFO perfrun.launcher <> - plugin [sep] was disabled because it doesn't support the given collection type.
694 [5164] INFO perfrun.launcher <> - plugin [vtsspp] was disabled because it doesn't support the given collection type.
694 [5164] INFO perfrun.launcher <> - plugin [] was disabled because it doesn't support the given collection type.
694 [5164] INFO perfrun.launcher <> - plugin [aoclprofile] was disabled because it doesn't support the given collection type.
694 [5164] INFO perfrun.tpss <> - initialize tpss controller
694 [5164] INFO perfrun.launcher <> - plugin [tpss] was disabled because it doesn't support the given collection type.
694 [5164] INFO perfrun.launcher <> - plugin [] was disabled because it doesn't support the given collection type.
694 [5164] INFO perfrun.launcher <> - plugin [] was disabled because it doesn't support the given collection type.
694 [5164] INFO perfrun.launcher <> - plugin [] was disabled because it doesn't support the given collection type.
694 [5164] INFO perfrun.launcher <> - plugin [] was disabled because it doesn't support the given collection type.
694 [5164] INFO perfrun.launcher <> - plugin [power] was disabled because it doesn't support the given collection type.
694 [5164] INFO perfrun.launcher <> - plugin [hwloc] was disabled because it doesn't support the given collection type.
694 [5164] INFO perfrun.launcher <> - plugin [ipmwatch] was disabled because it doesn't support the given collection type.
694 [5164] INFO perfrun.launcher <> - plugin [os_counters] was disabled because it doesn't support the given collection type.
695 [5164] INFO perfrun.launcher <> - plugin [l0_metrics] was disabled because it doesn't support the given collection type.
695 [676] INFO perfrun.launcher <> - set environment variable: INTEL_MRTE_DATA_DIR = C:\Users\sdp\Documents\VTune\Projects\sample (matrix)\r002ps\data.0
696 [676] INFO perfrun.launcher <> - set environment variable: INTEL_MRTE_HOST_NAME = 9049FA0A8AC9
696 [676] INFO perfrun.launcher <> - set environment variable: JAVA_TOOL_OPTIONS = -agentlib:amplxe_samplingmrte_javaprof_1.0
697 [676] INFO perfrun.launcher <> - set environment variable: PATH = C:\Workspace\Intel_VTune_Profiler_2024.0.0\Intel_VTune_Profiler_2024.0.0\bin32\runtime;C:\Workspace\Intel_VTune_Profiler_2024.0.0\Intel_VTune_Profiler_2024.0.0\bin64\runtime;C:\Windows\system32;C:\Windows;C:\Windows\System32\Wbem;C:\Windows\System32\WindowsPowerShell\v1.0\;C:\Windows\System32\OpenSSH\;C:\Program Files\Git\cmd;C:\Users\sdp\AppData\Local\Microsoft\WindowsApps
697 [676] INFO perfrun.launcher <> - set environment variable: COR_ENABLE_PROFILING = 1
697 [676] INFO perfrun.launcher <> - set environment variable: COR_PROFILER = {AA5E4821-E3B1-479c-B7FF-5AD047D22CED}
697 [676] INFO perfrun.launcher <> - set environment variable: COMPLUS_ProfAPI_ProfilerCompatibilitySetting = EnableV2Profiler
698 [676] INFO perfrun.launcher <> - set environment variable: CORECLR_ENABLE_PROFILING = 1
698 [676] INFO perfrun.launcher <> - set environment variable: CORECLR_PROFILER = {AA5E4821-E3B1-479c-B7FF-5AD047D22CED}
698 [676] INFO perfrun.launcher <> - set environment variable: CORECLR_PROFILER_PATH = C:\Workspace\Intel_VTune_Profiler_2024.0.0\Intel_VTune_Profiler_2024.0.0\bin64/amplxe_samplingmrte_clrprof_1.0.dll
698 [676] INFO perfrun.launcher <> - set environment variable: INTEL_MRTE_PROFILER_MODE = mixed
698 [676] INFO perfrun.launcher <> - RpcServer: run RPC server to handle requests
709 [676] INFO perfrun.sdk <> - IProcessUtil: the given executable 'C:\Users\sdp\Documents\VTune\Samples\matrix\matrix.exe' is valid.
709 [676] INFO perfrun.launcher <> - Launcher: command line to start before modification = C:\Users\sdp\Documents\VTune\Samples\matrix\matrix.exe
710 [676] INFO perfrun.launcher <> - Launcher: command line to start after modification = C:\Users\sdp\Documents\VTune\Samples\matrix\matrix.exe
711 [676] INFO perfrun.launcher <> - ProcessCreator object was created
715 [676] INFO perfrun.launcher <> - Launcher: the process was started in suspend mode
715 [5164] INFO perfrun.launcher <> - Messenger::say: Peak bandwidth measurement started.
6273 [5164] INFO perfrun.launcher <> - Messenger::say: Peak bandwidth measurement finished.
6280 [5164] INFO perfrun.sdk <> - runCmd: C:\Workspace\Intel_VTune_Profiler_2024.0.0\Intel_VTune_Profiler_2024.0.0\bin64\emon.exe -M
6287 [5164] INFO perfrun.sdk <> - runCmd started PID 5568
6602 [5164] INFO perfrun.sdk <> - runCmd: C:\Workspace\Intel_VTune_Profiler_2024.0.0\Intel_VTune_Profiler_2024.0.0\bin64\emon.exe -v
6608 [5164] INFO perfrun.sdk <> - runCmd started PID 5148
6881 [5164] INFO perfrun.sdk <> - runCmd: C:\Workspace\Intel_VTune_Profiler_2024.0.0\Intel_VTune_Profiler_2024.0.0\bin64\sep.exe -dry-run -ec CPU_CLK_UNHALTED.THREAD:sa=2400000,CPU_CLK_UNHALTED.REF_TSC:sample:sa=2400000,INST_RETIRED.ANY:sample:sa=2400000,CPU_CLK_UNHALTED.DISTRIBUTED:sa=2400000,TOPDOWN.SLOTS:perf_metrics:sample:sa=2000003,TOPDOWN_RETIRING.ALL:sample:sa=2000003,FP_ARITH_INST_RETIRED.SCALAR_SINGLE:sa=2000003,FP_ARITH_INST_RETIRED.128B_PACKED_SINGLE:sa=2000003,FP_ARITH_INST_RETIRED.256B_PACKED_SINGLE:sa=2000003,FP_ARITH_INST_RETIRED.SCALAR_DOUBLE:sa=2000003,FP_ARITH_INST_RETIRED.128B_PACKED_DOUBLE:sa=2000003,FP_ARITH_INST_RETIRED.256B_PACKED_DOUBLE:sa=2000003,UOPS_EXECUTED.X87:sa=2000003,UOPS_RETIRED.SLOTS:sa=2000003,UOPS_EXECUTED.THREAD:sa=2000003,CPU_CLK_UNHALTED.C02,CPU_CLK_UNHALTED.THREAD_P,EXE_ACTIVITY.BOUND_ON_LOADS,FRONTEND_RETIRED.LATENCY_GE_4,INT_MISC.UOP_DROPPING,MEMORY_ACTIVITY.STALLS_L1D_MISS,MEMORY_ACTIVITY.STALLS_L2_MISS,MEMORY_ACTIVITY.STALLS_L3_MISS,MEM_LOAD_RETIRED.L1_HIT,MEM_LOAD_RETIRED.L2_HIT,MEM_LOAD_RETIRED.L3_HIT,MEM_LOAD_RETIRED.L3_MISS,OFFCORE_REQUESTS_OUTSTANDING.CYCLES_WITH_DATA_RD,OFFCORE_REQUESTS_OUTSTANDING.DATA_RD:cmask=4,TOPDOWN.BACKEND_BOUND_SLOTS,TOPDOWN.MEMORY_BOUND_SLOTS,MEM_INST_RETIRED.ALL_STORES:sa=100003,MEM_INST_RETIRED.ALL_LOADS:sa=100003,UNC_M_CAS_COUNT_RD,UNC_M_CAS_COUNT_WR -experimental
6886 [5164] INFO perfrun.sdk <> - runCmd started PID 6916
7085 [5164] INFO perfrun.emon <> - Spawned collector thread
7085 [11756] INFO perfrun.sdk <> - runCmd: C:\Workspace\Intel_VTune_Profiler_2024.0.0\Intel_VTune_Profiler_2024.0.0\bin64\emon.exe -u -t 0.010 -l0 -C CPU_CLK_UNHALTED.C02,CPU_CLK_UNHALTED.DISTRIBUTED,CPU_CLK_UNHALTED.REF_TSC,CPU_CLK_UNHALTED.THREAD,CPU_CLK_UNHALTED.THREAD_P,EXE_ACTIVITY.BOUND_ON_LOADS,FP_ARITH_INST_RETIRED.128B_PACKED_DOUBLE,FP_ARITH_INST_RETIRED.128B_PACKED_SINGLE,FP_ARITH_INST_RETIRED.256B_PACKED_DOUBLE,FP_ARITH_INST_RETIRED.256B_PACKED_SINGLE,FP_ARITH_INST_RETIRED.SCALAR_DOUBLE,FP_ARITH_INST_RETIRED.SCALAR_SINGLE,FRONTEND_RETIRED.LATENCY_GE_4,INST_RETIRED.ANY,INT_MISC.UOP_DROPPING,MEMORY_ACTIVITY.STALLS_L1D_MISS,MEMORY_ACTIVITY.STALLS_L2_MISS,MEMORY_ACTIVITY.STALLS_L3_MISS,MEM_INST_RETIRED.ALL_LOADS,MEM_INST_RETIRED.ALL_STORES,MEM_LOAD_RETIRED.L1_HIT,MEM_LOAD_RETIRED.L2_HIT,MEM_LOAD_RETIRED.L3_HIT,MEM_LOAD_RETIRED.L3_MISS,OFFCORE_REQUESTS_OUTSTANDING.CYCLES_WITH_DATA_RD,OFFCORE_REQUESTS_OUTSTANDING.DATA_RD:c4,TOPDOWN.BACKEND_BOUND_SLOTS,TOPDOWN.MEMORY_BOUND_SLOTS,TOPDOWN.SLOTS:perf_metrics,TOPDOWN_RETIRING.ALL,UNC_M_CAS_COUNT_RD,UNC_M_CAS_COUNT_WR,UOPS_EXECUTED.THREAD,UOPS_EXECUTED.X87,UOPS_RETIRED.SLOTS -experimental
7095 [11756] INFO perfrun.sdk <> - runCmd started PID 2904
7419 [676] INFO perfrun.launcher <> - Launcher: all plugins were started
7420 [676] INFO perfrun.launcher <> - DirectoryMonitor object was created
7420 [676] INFO perfrun.launcher <> - DirectoryMonitor: a callback was added
7420 [676] INFO perfrun.launcher <> - DirectoryMonitor was started with pingTime = 1000
7420 [676] INFO perfrun.launcher <> - DeadlineTimer is going to be constructed
7421 [676] INFO perfrun.launcher <> - DeadlineTimer: a callback was added
7434 [676] INFO perfrun.launcher <> - Launcher: resume the profiled application and  wait its termination or stop command
7856 [11756] WARN perfrun.emon_output <> - TimeKeeper: the time is being asked while the time keeper object is armed. This may mean that the time for the last group is getting reused as the time for this group
7856 [11756] WARN perfrun.emon_output <> - TimeKeeper: the time is being asked while the time keeper object is armed. This may mean that the time for the last group is getting reused as the time for this group
8651 [11756] WARN perfrun.emon_output <> - TimeKeeper: the time is being asked while the time keeper object is armed. This may mean that the time for the last group is getting reused as the time for this group
9575 [11756] WARN perfrun.emon_output <> - TimeKeeper: the time is being asked while the time keeper object is armed. This may mean that the time for the last group is getting reused as the time for this group
9651 [11756] WARN perfrun.emon_output <> - TimeKeeper: the time is being asked while the time keeper object is armed. This may mean that the time for the last group is getting reused as the time for this group
10652 [11756] WARN perfrun.emon_output <> - TimeKeeper: the time is being asked while the time keeper object is armed. This may mean that the time for the last group is getting reused as the time for this group
11652 [11756] WARN perfrun.emon_output <> - TimeKeeper: the time is being asked while the time keeper object is armed. This may mean that the time for the last group is getting reused as the time for this group
12635 [11756] WARN perfrun.emon_output <> - TimeKeeper: the time is being asked while the time keeper object is armed. This may mean that the time for the last group is getting reused as the time for this group
13541 [11756] WARN perfrun.emon_output <> - TimeKeeper: the time is being asked while the time keeper object is armed. This may mean that the time for the last group is getting reused as the time for this group
13714 [11756] WARN perfrun.emon_output <> - TimeKeeper: the time is being asked while the time keeper object is armed. This may mean that the time for the last group is getting reused as the time for this group
14682 [11756] WARN perfrun.emon_output <> - TimeKeeper: the time is being asked while the time keeper object is armed. This may mean that the time for the last group is getting reused as the time for this group
15667 [11756] WARN perfrun.emon_output <> - TimeKeeper: the time is being asked while the time keeper object is armed. This may mean that the time for the last group is getting reused as the time for this group
16667 [11756] WARN perfrun.emon_output <> - TimeKeeper: the time is being asked while the time keeper object is armed. This may mean that the time for the last group is getting reused as the time for this group
17667 [11756] WARN perfrun.emon_output <> - TimeKeeper: the time is being asked while the time keeper object is armed. This may mean that the time for the last group is getting reused as the time for this group
18651 [11756] WARN perfrun.emon_output <> - TimeKeeper: the time is being asked while the time keeper object is armed. This may mean that the time for the last group is getting reused as the time for this group
19682 [11756] WARN perfrun.emon_output <> - TimeKeeper: the time is being asked while the time keeper object is armed. This may mean that the time for the last group is getting reused as the time for this group
20667 [11756] WARN perfrun.emon_output <> - TimeKeeper: the time is being asked while the time keeper object is armed. This may mean that the time for the last group is getting reused as the time for this group
21346 [676] INFO perfrun.launcher <> - Launcher: the profiled application was terminated  with exit code = 0
21381 [5164] INFO perfrun.sdk <> - runCmd: C:\Workspace\Intel_VTune_Profiler_2024.0.0\Intel_VTune_Profiler_2024.0.0\bin64\emon.exe -stop
21386 [5164] INFO perfrun.sdk <> - runCmd started PID 5280
21653 [11756] WARN perfrun.emon_output <> - TimeKeeper: the time is being asked while the time keeper object is armed. This may mean that the time for the last group is getting reused as the time for this group
21832 [5164] INFO perfrun.emon <> - EMON collector successfully stopped.

21931 [11756] WARN perfrun.emon_output <> - TimeKeeper: the time is being asked while the time keeper object is armed. This may mean that the time for the last group is getting reused as the time for this group
21931 [11756] INFO perfrun.emon_output <> - Collector process exited successfully
21934 [5164] INFO perfrun.sdk <> - De-allocating TMU: C:\Users\sdp\Documents\VTune\Projects\sample (matrix)\r002ps\data.0\systemcollector-7904-9049FA0A8AC9.sc
21979 [5164] INFO perfrun.system <> - closed the system trace file: C:\Users\sdp\Documents\VTune\Projects\sample (matrix)\r002ps\data.0\systemcollector-7904-9049FA0A8AC9.sc
21980 [676] INFO perfrun.launcher <> - Launcher: all plugins were stopped.
21980 [676] INFO perfrun.launcher <> - DeadlineTimer is going to be destroyed
21980 [676] INFO perfrun.launcher <> - DeadlineTimer was destroyed
21981 [676] INFO perfrun.launcher <> - DirectoryMonitor object was destroyed
21982 [676] WARN perfrun.launcher <> - Stop command is ignored because it is received when collection is already stopped, at file: vcs\perfrun1\launcher\src\command_handler.cpp:226
21986 [676] INFO perfrun.launcher <> - Application exit code: 0
21986 [676] INFO perfrun.launcher <> - Exit code: 0
