216 [11196] INFO perfrun.launcher <> - Launcher main begin
224 [11196] INFO perfrun.launcher <> - MessageCatalogInit finished
224 [11196] INFO perfrun.launcher <> - Launcher instance created
224 [11196] INFO perfrun.launcher <> - argc = 6; cmdline = C:\Program Files (x86)\Intel\oneAPI\advisor\2024.1\bin64\advixe-runss.exe --ui-output-format xml --ui-output-fd 7388 --context-value-list 
276 [11196] INFO perfrun.launcher <> - New signal handler callback was added
406 [11196] INFO perfrun.launcher <> - create msngr2::ICliToolContext
406 [11196] INFO perfrun.launcher <> - create file finder object
407 [11196] INFO perfrun.launcher <> - Put into the variant bag the context value: name = targetOS; value = Windows
407 [11196] INFO perfrun.launcher <> - Put into the variant bag the context value: name = OS; value = Windows
407 [11196] INFO perfrun.launcher <> - Put into the variant bag the context value: name = OSBuildNumber; value = 19045
407 [11196] INFO perfrun.launcher <> - Put into the variant bag the context value: name = OSBitness; value = 64
407 [11196] INFO perfrun.launcher <> - Put into the variant bag the context value: name = AdministratorPrivileges; value = false
408 [11196] INFO perfrun.launcher <> - Put into the variant bag the context value: name = isPtraceScopeLimited; value = false
408 [11196] INFO perfrun.launcher <> - Put into the variant bag the context value: name = isCATSupportedByCPU; value = false
408 [11196] INFO perfrun.launcher <> - Put into the variant bag the context value: name = isL3MonitoringSupportedByCPU; value = false
408 [11196] INFO perfrun.launcher <> - Put into the variant bag the context value: name = isTSXAvailable; value = false
408 [11196] INFO perfrun.launcher <> - Put into the variant bag the context value: name = isPTAvailable; value = true
408 [11196] INFO perfrun.launcher <> - Put into the variant bag the context value: name = isHTEnabled; value = true
408 [11196] INFO perfrun.launcher <> - Put into the variant bag the context value: name = fpgaOnBoard; value = None
408 [11196] INFO perfrun.launcher <> - Put into the variant bag the context value: name = omniPathOnBoard; value = None
409 [11196] INFO perfrun.launcher <> - Put into the variant bag the context value: name = genArchOnBoard; value = 0
409 [11196] INFO perfrun.launcher <> - Put into the variant bag the context value: name = pciClassParts; value = 
409 [11196] INFO perfrun.launcher <> - Put into the variant bag the context value: name = tidValuesForIO; value = 
409 [11196] INFO perfrun.launcher <> - Put into the variant bag the context value: name = populatedIoParts; value = 
409 [11196] INFO perfrun.launcher <> - Put into the variant bag the context value: name = populatedIoUnits; value = 
409 [11196] INFO perfrun.launcher <> - Put into the variant bag the context value: name = populatedTidValuesForIO; value = 
409 [11196] INFO perfrun.launcher <> - Put into the variant bag the context value: name = isSGXAvailable; value = false
409 [11196] INFO perfrun.launcher <> - Put into the variant bag the context value: name = Hypervisor; value = None
409 [11196] INFO perfrun.launcher <> - Put into the variant bag the context value: name = PerfmonVersion; value = 5
409 [11196] INFO perfrun.launcher <> - Put into the variant bag the context value: name = isMaxDRAMBandwidthMeasurementSupported; value = false
410 [11196] INFO perfrun.launcher <> - Put into the variant bag the context value: name = preferedGpuAdapter; value = 0:1:0.0
410 [11196] INFO perfrun.launcher <> - Put into the variant bag the context value: name = isEHFIAvailable; value = false
410 [11196] INFO perfrun.launcher <> - Put into the variant bag the context value: name = areGpuHardwareMetricsAvailableList; value = 
410 [11196] INFO perfrun.launcher <> - Put into the variant bag the context value: name = gpuPlatformIndexList; value = 
410 [11196] INFO perfrun.launcher <> - Put into the variant bag the context value: name = isTPSSAvailable; value = true
410 [11196] INFO perfrun.launcher <> - Put into the variant bag the context value: name = isPytraceAvailable; value = true
410 [11196] INFO perfrun.launcher <> - Put into the variant bag the context value: name = isGENDebugInfoAvailableList; value = 
410 [11196] INFO perfrun.launcher <> - Put into the variant bag the context value: name = isGTPinCollectionAvailableList; value = 
410 [11196] INFO perfrun.launcher <> - Put into the variant bag the context value: name = forceShowInlines; value = false
411 [11196] INFO perfrun.launcher <> - Application exit code: 0
411 [11196] INFO perfrun.launcher <> - Exit code: 0
