148 [2836] INFO perfrun.launcher <> - Launcher main begin
166 [2836] INFO perfrun.launcher <> - MessageCatalogInit finished
166 [2836] INFO perfrun.launcher <> - Launcher instance created
166 [2836] INFO perfrun.launcher <> - argc = 7; cmdline = C:\Workspace\Intel_VTune_Profiler_2024.0.0\Intel_VTune_Profiler_2024.0.0\bin64\amplxe-runss.exe --ui-output-format xml --ui-output-fd 1304 --option-file C:\Users\sdp\Documents\VTune\Projects\sample (matrix)\r001ue\config\runsa.options 
201 [2836] INFO perfrun.launcher <> - New signal handler callback was added
341 [2836] INFO perfrun.launcher <> - create msngr2::ICliToolContext
341 [2836] INFO perfrun.launcher <> - create file finder object
342 [2836] INFO perfrun.launcher <> - create a result directory: pattern = C:\Users\sdp\Documents\VTune\Projects\sample (matrix)\r001ue pid = 4294967295
347 [2836] INFO perfrun.launcher <> - create data directory = C:\Users\sdp\Documents\VTune\Projects\sample (matrix)\r001ue\data.0
349 [2836] INFO perfrun.launcher <> - Creating the master collection flag
353 [2836] INFO perfrun.launcher <> - Done creating the master collection flag
353 [6916] INFO perfrun.launcher <> - plugin [remoteplug] was disabled because it doesn't support the given collection type.
354 [6916] INFO perfrun.sdk <> - Allocating TMU :C:\Users\sdp\Documents\VTune\Projects\sample (matrix)\r001ue\data.0\systemcollector-11756-9049FA0A8AC9.sc
354 [6916] INFO perfrun.launcher <> - plugin [] was disabled because it doesn't support the given collection type.
356 [6916] INFO perfrun.launcher <> - plugin [] was disabled because it doesn't support the given collection type.
356 [6916] INFO perfrun.launcher <> - plugin [gpu] was disabled because it doesn't support the given collection type.
356 [6916] INFO perfrun.launcher <> - plugin [etw.kernel] was disabled because it doesn't support the given collection type.
356 [6916] INFO perfrun.launcher <> - plugin [etw.dx] was disabled because it doesn't support the given collection type.
356 [6916] INFO perfrun.launcher <> - plugin [etw.wsa] was disabled because it doesn't support the given collection type.
356 [6916] INFO perfrun.mrte <> - system-wide mode is 0
357 [6916] INFO perfrun.mrte <> - Getting  mrte profiling environment ...
463 [6916] INFO perfrun.mrte <> - INTEL_MRTE_DATA_DIR=C:\Users\sdp\Documents\VTune\Projects\sample (matrix)\r001ue\data.0
463 [6916] INFO perfrun.mrte <> - INTEL_MRTE_HOST_NAME=9049FA0A8AC9
463 [6916] INFO perfrun.mrte <> - JAVA_TOOL_OPTIONS=-agentlib:amplxe_samplingmrte_javaprof_1.0
463 [6916] INFO perfrun.mrte <> - PATH=C:\Workspace\Intel_VTune_Profiler_2024.0.0\Intel_VTune_Profiler_2024.0.0\bin32\runtime;C:\Workspace\Intel_VTune_Profiler_2024.0.0\Intel_VTune_Profiler_2024.0.0\bin64\runtime;C:\Windows\system32;C:\Windows;C:\Windows\System32\Wbem;C:\Windows\System32\WindowsPowerShell\v1.0\;C:\Windows\System32\OpenSSH\;C:\Program Files\Git\cmd;C:\Users\sdp\AppData\Local\Microsoft\WindowsApps
463 [6916] INFO perfrun.mrte <> - COR_ENABLE_PROFILING=1
463 [6916] INFO perfrun.mrte <> - COR_PROFILER={AA5E4821-E3B1-479c-B7FF-5AD047D22CED}
463 [6916] INFO perfrun.mrte <> - COMPLUS_ProfAPI_ProfilerCompatibilitySetting=EnableV2Profiler
463 [6916] INFO perfrun.mrte <> - CORECLR_ENABLE_PROFILING=1
463 [6916] INFO perfrun.mrte <> - CORECLR_PROFILER={AA5E4821-E3B1-479c-B7FF-5AD047D22CED}
463 [6916] INFO perfrun.mrte <> - CORECLR_PROFILER_PATH=C:\Workspace\Intel_VTune_Profiler_2024.0.0\Intel_VTune_Profiler_2024.0.0\bin64/amplxe_samplingmrte_clrprof_1.0.dll
463 [6916] INFO perfrun.mrte <> - INTEL_MRTE_PROFILER_MODE=mixed
463 [6916] INFO perfrun.mrte <> - Data directory: C:\Users\sdp\Documents\VTune\Projects\sample (matrix)\r001ue\data.0
463 [6916] INFO perfrun.mrte <> - Mrte plugin is initialized
463 [6916] INFO perfrun.launcher <> - plugin [emon] was disabled because it doesn't support the given collection type.
463 [6916] INFO perfrun.launcher <> - plugin [cuscol] was disabled because it doesn't support the given collection type.
463 [6916] INFO perfrun.launcher <> - plugin [stdsrc] was disabled because it doesn't support the given collection type.
464 [6916] INFO perfrun.sdk <> - runCmd: C:\Workspace\Intel_VTune_Profiler_2024.0.0\Intel_VTune_Profiler_2024.0.0\bin64\sep.exe -dry-run -ec CPU_CLK_UNHALTED.THREAD:sa=2400000,CPU_CLK_UNHALTED.REF_TSC:sample:sa=2400000,INST_RETIRED.ANY:sample:sa=2400000,CPU_CLK_UNHALTED.DISTRIBUTED:sa=2400000,CPU_CLK_UNHALTED.C02,CPU_CLK_UNHALTED.THREAD_P,FRONTEND_RETIRED.LATENCY_GE_4,INT_MISC.UOP_DROPPING,TOPDOWN.BACKEND_BOUND_SLOTS,TOPDOWN.MEMORY_BOUND_SLOTS,TOPDOWN.SLOTS:perf_metrics,UOPS_RETIRED.SLOTS:sa=2000003,TOPDOWN_BAD_SPECULATION.ALL,TOPDOWN_BE_BOUND.ALL,TOPDOWN_FE_BOUND.ALL,TOPDOWN_RETIRING.ALL,BR_MISP_RETIRED.ALL_BRANCHES,DECODE.LCP,DSB2MITE_SWITCHES.PENALTY_CYCLES,FRONTEND_RETIRED.ANY_DSB_MISS,FRONTEND_RETIRED.DSB_MISS,FRONTEND_RETIRED.L2_MISS,FRONTEND_RETIRED.LATENCY_GE_16,FRONTEND_RETIRED.LATENCY_GE_2_BUBBLES_GE_1,FRONTEND_RETIRED.STLB_MISS,FRONTEND_RETIRED.UNKNOWN_BRANCH,ICACHE_DATA.STALLS,ICACHE_TAG.STALLS,IDQ.DSB_CYCLES_ANY,IDQ.DSB_CYCLES_OK,IDQ.DSB_UOPS,IDQ.MITE_CYCLES_ANY,IDQ.MITE_CYCLES_OK,IDQ.MS_SWITCHES,INST_DECODED.DECODERS:cmask=1,INST_DECODED.DECODERS:cmask=2,INT_MISC.CLEAR_RESTEER_CYCLES,INT_MISC.UNKNOWN_BRANCH_CYCLES,LSD.CYCLES_ACTIVE,LSD.CYCLES_OK,LSD.UOPS,TOPDOWN.BR_MISPREDICT_SLOTS,UOPS_ISSUED.ANY,UOPS_RETIRED.MS:cmask=1:e=yes,TOPDOWN_FE_BOUND.BRANCH_DETECT,TOPDOWN_FE_BOUND.BRANCH_RESTEER,TOPDOWN_FE_BOUND.CISC,TOPDOWN_FE_BOUND.DECODE,TOPDOWN_FE_BOUND.FRONTEND_BANDWIDTH,TOPDOWN_FE_BOUND.FRONTEND_LATENCY,TOPDOWN_FE_BOUND.ICACHE,TOPDOWN_FE_BOUND.ITLB,TOPDOWN_FE_BOUND.OTHER,TOPDOWN_FE_BOUND.PREDECODE,INT_MISC.CLEARS_COUNT,MACHINE_CLEARS.COUNT,MACHINE_CLEARS.DISAMBIGUATION,MACHINE_CLEARS.FP_ASSIST,MACHINE_CLEARS.MEMORY_ORDERING,MACHINE_CLEARS.PAGE_FAULT,MACHINE_CLEARS.SLOW,MACHINE_CLEARS.SMC,TOPDOWN_BAD_SPECULATION.FASTNUKE,TOPDOWN_BAD_SPECULATION.MACHINE_CLEARS,TOPDOWN_BAD_SPECULATION.MISPREDICT,TOPDOWN_BAD_SPECULATION.NUKE,DTLB_LOAD_MISSES.WALK_ACTIVE,DTLB_STORE_MISSES.WALK_ACTIVE,EXE_ACTIVITY.BOUND_ON_LOADS,EXE_ACTIVITY.BOUND_ON_STORES,L1D_PEND_MISS.FB_FULL,L1D_PEND_MISS.L2_STALLS,LD_BLOCKS.ADDRESS_ALIAS,LD_BLOCKS.STORE_FORWARD,MEMORY_ACTIVITY.STALLS_L1D_MISS,MEMORY_ACTIVITY.STALLS_L2_MISS,MEMORY_ACTIVITY.STALLS_L3_MISS,MEM_INST_RETIRED.ALL_STORES,MEM_INST_RETIRED.LOCK_LOADS,MEM_INST_RETIRED.SPLIT_LOADS,MEM_INST_RETIRED.SPLIT_STORES,MEM_INST_RETIRED.STLB_HIT_LOADS,MEM_INST_RETIRED.STLB_HIT_STORES,MEM_INST_RETIRED.STLB_MISS_LOADS,MEM_INST_RETIRED.STLB_MISS_STORES,MEM_LOAD_L3_HIT_RETIRED.XSNP_FWD,MEM_LOAD_L3_HIT_RETIRED.XSNP_MISS,MEM_LOAD_L3_HIT_RETIRED.XSNP_NO_FWD,MEM_LOAD_RETIRED.FB_HIT,MEM_LOAD_RETIRED.L1_HIT,MEM_LOAD_RETIRED.L1_MISS,MEM_LOAD_RETIRED.L2_HIT,MEM_LOAD_RETIRED.L3_HIT,MEM_LOAD_RETIRED.L3_MISS,MEM_STORE_RETIRED.L2_HIT,OFFCORE_REQUESTS_OUTSTANDING.CYCLES_WITH_DATA_RD,OFFCORE_REQUESTS_OUTSTANDING.CYCLES_WITH_DEMAND_RFO,OFFCORE_REQUESTS_OUTSTANDING.DATA_RD:cmask=4,XQ.FULL_CYCLES,LD_HEAD.ANY_AT_RET,LD_HEAD.DTLB_MISS_AT_RET,LD_HEAD.L1_BOUND_AT_RET,LD_HEAD.L1_MISS_AT_RET,LD_HEAD.OTHER_AT_RET,LD_HEAD.PGWALK_AT_RET,LD_HEAD.ST_ADDR_AT_RET,MEM_BOUND_STALLS_LOAD.ALL,MEM_BOUND_STALLS_LOAD.L2_HIT,MEM_BOUND_STALLS_LOAD.LLC_HIT,MEM_BOUND_STALLS_LOAD.LLC_MISS,MEM_SCHEDULER_BLOCK.ALL,MEM_SCHEDULER_BLOCK.ST_BUF,TOPDOWN_BE_BOUND.MEM_SCHEDULER,ARITH.DIV_ACTIVE,ASSISTS.SSE_AVX_MIX,CPU_CLK_UNHALTED.C01,CPU_CLK_UNHALTED.PAUSE,CPU_CLK_UNHALTED.PAUSE_INST,CYCLE_ACTIVITY.STALLS_TOTAL,EXE_ACTIVITY.1_PORTS_UTIL,EXE_ACTIVITY.2_PORTS_UTIL,EXE_ACTIVITY.2_PORTS_UTIL:umask=0xc,EXE_ACTIVITY.3_PORTS_UTIL:umask=0x80,FP_ARITH_INST_RETIRED.128B_PACKED_DOUBLE:umask=0x3c,FP_ARITH_INST_RETIRED.SCALAR_SINGLE:umask=0x03,MISC2_RETIRED.LFENCE,RESOURCE_STALLS.SCOREBOARD,RS.EMPTY_RESOURCE,UOPS_DISPATCHED.PORT_0,UOPS_DISPATCHED.PORT_1,UOPS_DISPATCHED.PORT_2_3_10,UOPS_DISPATCHED.PORT_4_9,UOPS_DISPATCHED.PORT_5_11,UOPS_DISPATCHED.PORT_6,UOPS_DISPATCHED.PORT_7_8,UOPS_EXECUTED.CYCLES_GE_3,UOPS_EXECUTED.THREAD:sa=2000003,UOPS_EXECUTED.X87:sa=2000003,MEM_SCHEDULER_BLOCK.LD_BUF,MEM_SCHEDULER_BLOCK.RSV,TOPDOWN_BE_BOUND.ALLOC_RESTRICTIONS,TOPDOWN_BE_BOUND.NON_MEM_SCHEDULER,TOPDOWN_BE_BOUND.REGISTER,TOPDOWN_BE_BOUND.REORDER_BUFFER,TOPDOWN_BE_BOUND.SERIALIZATION,ASSISTS.ANY,ASSISTS.FP,ASSISTS.PAGE_FAULT,BR_INST_RETIRED.ALL_BRANCHES,FP_ARITH_INST_RETIRED.128B_PACKED_DOUBLE:sa=2000003,FP_ARITH_INST_RETIRED.128B_PACKED_SINGLE:sa=2000003,FP_ARITH_INST_RETIRED.256B_PACKED_DOUBLE:sa=2000003,FP_ARITH_INST_RETIRED.256B_PACKED_SINGLE:sa=2000003,INST_RETIRED.MACRO_FUSED,INST_RETIRED.NOP,INT_VEC_RETIRED.ADD_128,INT_VEC_RETIRED.ADD_256,INT_VEC_RETIRED.MUL_256,INT_VEC_RETIRED.SHUFFLES,INT_VEC_RETIRED.VNNI_128,INT_VEC_RETIRED.VNNI_256,MEM_UOP_RETIRED.ANY,UOPS_RETIRED.MS,UOPS_RETIRED.FPDIV,OCR.DEMAND_RFO.L3_HIT.SNOOP_HITM,OCR.DEMAND_DATA_RD.L3_HIT.SNOOP_HIT_WITH_FWD,OCR.STREAMING_WR.ANY_RESPONSE,OCR.DEMAND_DATA_RD.L3_HIT.SNOOP_HITM,UNC_M_CAS_COUNT_RD,UNC_M_CAS_COUNT_WR,FP_ARITH_INST_RETIRED.SCALAR_SINGLE:sa=2000003,FP_ARITH_INST_RETIRED.SCALAR_DOUBLE:sa=2000003 -experimental
468 [6916] INFO perfrun.sdk <> - runCmd started PID 7024
882 [6916] INFO perfrun.launcher <> - plugin [vtsspp] was disabled because it doesn't support the given collection type.
882 [6916] INFO perfrun.launcher <> - plugin [] was disabled because it doesn't support the given collection type.
882 [6916] INFO perfrun.launcher <> - plugin [aoclprofile] was disabled because it doesn't support the given collection type.
882 [6916] INFO perfrun.tpss <> - initialize tpss controller
882 [6916] INFO perfrun.launcher <> - plugin [tpss] was disabled because it doesn't support the given collection type.
882 [6916] INFO perfrun.launcher <> - plugin [] was disabled because it doesn't support the given collection type.
882 [6916] INFO perfrun.launcher <> - plugin [] was disabled because it doesn't support the given collection type.
882 [6916] INFO perfrun.launcher <> - plugin [] was disabled because it doesn't support the given collection type.
882 [6916] INFO perfrun.launcher <> - plugin [] was disabled because it doesn't support the given collection type.
882 [6916] INFO perfrun.launcher <> - plugin [power] was disabled because it doesn't support the given collection type.
882 [6916] INFO perfrun.launcher <> - plugin [hwloc] was disabled because it doesn't support the given collection type.
882 [6916] INFO perfrun.launcher <> - plugin [ipmwatch] was disabled because it doesn't support the given collection type.
882 [6916] INFO perfrun.launcher <> - plugin [os_counters] was disabled because it doesn't support the given collection type.
882 [6916] INFO perfrun.launcher <> - plugin [l0_metrics] was disabled because it doesn't support the given collection type.
883 [2836] INFO perfrun.launcher <> - set environment variable: PATH = C:\Workspace\Intel_VTune_Profiler_2024.0.0\Intel_VTune_Profiler_2024.0.0\bin32\runtime;C:\Workspace\Intel_VTune_Profiler_2024.0.0\Intel_VTune_Profiler_2024.0.0\bin64\runtime;C:\Windows\system32;C:\Windows;C:\Windows\System32\Wbem;C:\Windows\System32\WindowsPowerShell\v1.0\;C:\Windows\System32\OpenSSH\;C:\Program Files\Git\cmd;C:\Users\sdp\AppData\Local\Microsoft\WindowsApps
883 [2836] INFO perfrun.launcher <> - set environment variable: INTEL_LIBITTNOTIFY32 = C:\Workspace\Intel_VTune_Profiler_2024.0.0\Intel_VTune_Profiler_2024.0.0\bin32\runtime\ittnotify_collector.dll
884 [2836] INFO perfrun.launcher <> - set environment variable: INTEL_LIBITTNOTIFY64 = C:\Workspace\Intel_VTune_Profiler_2024.0.0\Intel_VTune_Profiler_2024.0.0\bin64\runtime\ittnotify_collector.dll
884 [2836] INFO perfrun.launcher <> - set environment variable: INTEL_ITTNOTIFY_GROUPS = 
884 [2836] INFO perfrun.launcher <> - set environment variable: INTEL_JIT_PROFILER32 = C:\Workspace\Intel_VTune_Profiler_2024.0.0\Intel_VTune_Profiler_2024.0.0\bin32\runtime\ittnotify_collector.dll
885 [2836] INFO perfrun.launcher <> - set environment variable: INTEL_JIT_PROFILER64 = C:\Workspace\Intel_VTune_Profiler_2024.0.0\Intel_VTune_Profiler_2024.0.0\bin64\runtime\ittnotify_collector.dll
885 [2836] INFO perfrun.launcher <> - set environment variable: ENABLE_JITPROFILING = 1
885 [2836] INFO perfrun.launcher <> - set environment variable: CL_CONFIG_USE_VTUNE = True
885 [2836] INFO perfrun.launcher <> - set environment variable: KMP_FORKJOIN_FRAMES = 0
886 [2836] INFO perfrun.launcher <> - set environment variable: KMP_FORKJOIN_FRAMES_MODE = 0
886 [2836] INFO perfrun.launcher <> - set environment variable: INTEL_MRTE_DATA_DIR = C:\Users\sdp\Documents\VTune\Projects\sample (matrix)\r001ue\data.0
886 [2836] INFO perfrun.launcher <> - set environment variable: INTEL_MRTE_HOST_NAME = 9049FA0A8AC9
887 [2836] INFO perfrun.launcher <> - set environment variable: JAVA_TOOL_OPTIONS = -agentlib:amplxe_samplingmrte_javaprof_1.0
887 [2836] INFO perfrun.launcher <> - set environment variable: PATH = C:\Workspace\Intel_VTune_Profiler_2024.0.0\Intel_VTune_Profiler_2024.0.0\bin32\runtime;C:\Workspace\Intel_VTune_Profiler_2024.0.0\Intel_VTune_Profiler_2024.0.0\bin64\runtime;C:\Windows\system32;C:\Windows;C:\Windows\System32\Wbem;C:\Windows\System32\WindowsPowerShell\v1.0\;C:\Windows\System32\OpenSSH\;C:\Program Files\Git\cmd;C:\Users\sdp\AppData\Local\Microsoft\WindowsApps
888 [2836] INFO perfrun.launcher <> - set environment variable: COR_ENABLE_PROFILING = 1
888 [2836] INFO perfrun.launcher <> - set environment variable: COR_PROFILER = {AA5E4821-E3B1-479c-B7FF-5AD047D22CED}
888 [2836] INFO perfrun.launcher <> - set environment variable: COMPLUS_ProfAPI_ProfilerCompatibilitySetting = EnableV2Profiler
889 [2836] INFO perfrun.launcher <> - set environment variable: CORECLR_ENABLE_PROFILING = 1
889 [2836] INFO perfrun.launcher <> - set environment variable: CORECLR_PROFILER = {AA5E4821-E3B1-479c-B7FF-5AD047D22CED}
890 [2836] INFO perfrun.launcher <> - set environment variable: CORECLR_PROFILER_PATH = C:\Workspace\Intel_VTune_Profiler_2024.0.0\Intel_VTune_Profiler_2024.0.0\bin64/amplxe_samplingmrte_clrprof_1.0.dll
891 [2836] INFO perfrun.launcher <> - set environment variable: INTEL_MRTE_PROFILER_MODE = mixed
891 [2836] INFO perfrun.launcher <> - RpcServer: run RPC server to handle requests
898 [2836] INFO perfrun.sdk <> - IProcessUtil: the given executable 'C:\Users\sdp\Documents\VTune\Samples\matrix\matrix.exe' is valid.
898 [2836] INFO perfrun.launcher <> - Launcher: command line to start before modification = C:\Users\sdp\Documents\VTune\Samples\matrix\matrix.exe
899 [2836] INFO perfrun.launcher <> - Launcher: command line to start after modification = C:\Users\sdp\Documents\VTune\Samples\matrix\matrix.exe
899 [2836] INFO perfrun.launcher <> - ProcessCreator object was created
903 [2836] INFO perfrun.launcher <> - Launcher: the process was started in suspend mode
903 [6916] INFO perfrun.launcher <> - Messenger::say: Peak bandwidth measurement started.
6526 [6916] INFO perfrun.launcher <> - Messenger::say: Peak bandwidth measurement finished.
6531 [6916] INFO perfrun.itt <> - start itt controller for pid #8840
6535 [6916] INFO perfrun.sdk <> - runCmd: C:\Workspace\Intel_VTune_Profiler_2024.0.0\Intel_VTune_Profiler_2024.0.0\bin64\sep.exe -start -experimental -sam 5 -uem timer=10 -apc -em factor=5 -p-state trigger=CPU_CLK_UNHALTED.REF_TSC -out "C:\Users\sdp\Documents\VTune\Projects\sample (matrix)\r001ue\data.0\sep1b04.20230929T063515.675786" -ec INST_RETIRED.ANY:sample:sa=2400000,CPU_CLK_UNHALTED.THREAD:sa=2400000,CPU_CLK_UNHALTED.REF_TSC:sample:sa=2400000,TOPDOWN.SLOTS:perf_metrics,INST_DECODED.DECODERS:cmask=1,DECODE.LCP,DSB2MITE_SWITCHES.PENALTY_CYCLES,ICACHE_DATA.STALLS,INST_RETIRED.MACRO_FUSED,INST_RETIRED.NOP,CPU_CLK_UNHALTED.DISTRIBUTED:sa=2400000,CPU_CLK_UNHALTED.C02,INST_DECODED.DECODERS:cmask=2,ICACHE_TAG.STALLS,IDQ.DSB_CYCLES_ANY,IDQ.DSB_CYCLES_OK,CPU_CLK_UNHALTED.THREAD_P,FRONTEND_RETIRED.LATENCY_GE_4,INT_MISC.UOP_DROPPING,TOPDOWN.BACKEND_BOUND_SLOTS,TOPDOWN.BR_MISPREDICT_SLOTS,IDQ.DSB_UOPS,IDQ.MITE_CYCLES_ANY,IDQ.MITE_CYCLES_OK,TOPDOWN.MEMORY_BOUND_SLOTS,UOPS_RETIRED.SLOTS:sa=2000003,BR_MISP_RETIRED.ALL_BRANCHES,FRONTEND_RETIRED.ANY_DSB_MISS,UOPS_RETIRED.MS:cmask=1:e=yes,EXE_ACTIVITY.2_PORTS_UTIL,IDQ.MS_SWITCHES,LSD.CYCLES_ACTIVE,LSD.CYCLES_OK,FRONTEND_RETIRED.DSB_MISS,EXE_ACTIVITY.2_PORTS_UTIL:umask=0xc,DTLB_LOAD_MISSES.WALK_ACTIVE,DTLB_STORE_MISSES.WALK_ACTIVE,L1D_PEND_MISS.FB_FULL,FRONTEND_RETIRED.L2_MISS,FP_ARITH_INST_RETIRED.128B_PACKED_DOUBLE:umask=0x3c,L1D_PEND_MISS.L2_STALLS,LD_BLOCKS.ADDRESS_ALIAS,LD_BLOCKS.STORE_FORWARD,FRONTEND_RETIRED.LATENCY_GE_16,FP_ARITH_INST_RETIRED.SCALAR_SINGLE:umask=0x03,MEMORY_ACTIVITY.STALLS_L1D_MISS,MEMORY_ACTIVITY.STALLS_L2_MISS,MEMORY_ACTIVITY.STALLS_L3_MISS,FRONTEND_RETIRED.LATENCY_GE_2_BUBBLES_GE_1,FP_ARITH_INST_RETIRED.128B_PACKED_DOUBLE:sa=2000003,MEM_INST_RETIRED.ALL_STORES,MEM_INST_RETIRED.LOCK_LOADS,MEM_INST_RETIRED.SPLIT_LOADS,FRONTEND_RETIRED.STLB_MISS,UOPS_RETIRED.MS,MEM_INST_RETIRED.SPLIT_STORES,MEM_INST_RETIRED.STLB_HIT_LOADS,MEM_INST_RETIRED.STLB_HIT_STORES,FP_ARITH_INST_RETIRED.SCALAR_SINGLE:sa=2000003,MEM_INST_RETIRED.STLB_MISS_LOADS,MEM_INST_RETIRED.STLB_MISS_STORES,MEM_LOAD_L3_HIT_RETIRED.XSNP_FWD,FRONTEND_RETIRED.UNKNOWN_BRANCH,INT_MISC.CLEAR_RESTEER_CYCLES,MEM_LOAD_L3_HIT_RETIRED.XSNP_MISS,MEM_LOAD_L3_HIT_RETIRED.XSNP_NO_FWD,MEM_LOAD_RETIRED.FB_HIT,MEM_LOAD_RETIRED.L1_HIT,INT_MISC.UNKNOWN_BRANCH_CYCLES,LSD.UOPS,UOPS_ISSUED.ANY,INT_MISC.CLEARS_COUNT,MEM_LOAD_RETIRED.L1_MISS,MEM_LOAD_RETIRED.L2_HIT,MEM_LOAD_RETIRED.L3_HIT,MEM_LOAD_RETIRED.L3_MISS,MACHINE_CLEARS.COUNT,MACHINE_CLEARS.MEMORY_ORDERING,MACHINE_CLEARS.SMC,EXE_ACTIVITY.BOUND_ON_LOADS,MEM_STORE_RETIRED.L2_HIT,OFFCORE_REQUESTS_OUTSTANDING.CYCLES_WITH_DATA_RD,OFFCORE_REQUESTS_OUTSTANDING.CYCLES_WITH_DEMAND_RFO,OFFCORE_REQUESTS_OUTSTANDING.DATA_RD:cmask=4,EXE_ACTIVITY.BOUND_ON_STORES,ARITH.DIV_ACTIVE,ASSISTS.SSE_AVX_MIX,CPU_CLK_UNHALTED.C01,XQ.FULL_CYCLES,CPU_CLK_UNHALTED.PAUSE,CPU_CLK_UNHALTED.PAUSE_INST,CYCLE_ACTIVITY.STALLS_TOTAL,EXE_ACTIVITY.1_PORTS_UTIL,EXE_ACTIVITY.3_PORTS_UTIL:umask=0x80,MISC2_RETIRED.LFENCE,RESOURCE_STALLS.SCOREBOARD,RS.EMPTY_RESOURCE,UOPS_DISPATCHED.PORT_0,UOPS_DISPATCHED.PORT_1,UOPS_DISPATCHED.PORT_2_3_10,UOPS_DISPATCHED.PORT_4_9,UOPS_DISPATCHED.PORT_5_11,UOPS_DISPATCHED.PORT_6,UOPS_DISPATCHED.PORT_7_8,UOPS_EXECUTED.CYCLES_GE_3,UOPS_EXECUTED.THREAD:sa=2000003,UOPS_EXECUTED.X87:sa=2000003,ASSISTS.ANY,ASSISTS.FP,ASSISTS.PAGE_FAULT,BR_INST_RETIRED.ALL_BRANCHES,FP_ARITH_INST_RETIRED.128B_PACKED_SINGLE:sa=2000003,FP_ARITH_INST_RETIRED.256B_PACKED_DOUBLE:sa=2000003,FP_ARITH_INST_RETIRED.256B_PACKED_SINGLE:sa=2000003,INT_VEC_RETIRED.ADD_128,INT_VEC_RETIRED.ADD_256,INT_VEC_RETIRED.MUL_256,INT_VEC_RETIRED.SHUFFLES,INT_VEC_RETIRED.VNNI_128,INT_VEC_RETIRED.VNNI_256,MEM_UOP_RETIRED.ANY,OCR.DEMAND_RFO.L3_HIT.SNOOP_HITM,OCR.DEMAND_DATA_RD.L3_HIT.SNOOP_HIT_WITH_FWD,FP_ARITH_INST_RETIRED.SCALAR_DOUBLE:sa=2000003,OCR.STREAMING_WR.ANY_RESPONSE,OCR.DEMAND_DATA_RD.L3_HIT.SNOOP_HITM,TOPDOWN_BAD_SPECULATION.ALL,TOPDOWN_BE_BOUND.ALL,TOPDOWN_FE_BOUND.ALL,TOPDOWN_RETIRING.ALL,TOPDOWN_FE_BOUND.BRANCH_DETECT,TOPDOWN_FE_BOUND.BRANCH_RESTEER,TOPDOWN_FE_BOUND.CISC,TOPDOWN_FE_BOUND.DECODE,TOPDOWN_FE_BOUND.FRONTEND_BANDWIDTH,TOPDOWN_FE_BOUND.FRONTEND_LATENCY,TOPDOWN_FE_BOUND.ICACHE,TOPDOWN_FE_BOUND.ITLB,TOPDOWN_FE_BOUND.OTHER,TOPDOWN_FE_BOUND.PREDECODE,MACHINE_CLEARS.DISAMBIGUATION,MACHINE_CLEARS.FP_ASSIST,MACHINE_CLEARS.PAGE_FAULT,MACHINE_CLEARS.SLOW,TOPDOWN_BAD_SPECULATION.FASTNUKE,TOPDOWN_BAD_SPECULATION.MACHINE_CLEARS,TOPDOWN_BAD_SPECULATION.MISPREDICT,TOPDOWN_BAD_SPECULATION.NUKE,LD_HEAD.ANY_AT_RET,LD_HEAD.DTLB_MISS_AT_RET,LD_HEAD.L1_BOUND_AT_RET,LD_HEAD.L1_MISS_AT_RET,LD_HEAD.OTHER_AT_RET,LD_HEAD.PGWALK_AT_RET,LD_HEAD.ST_ADDR_AT_RET,MEM_BOUND_STALLS_LOAD.ALL,MEM_BOUND_STALLS_LOAD.L2_HIT,MEM_BOUND_STALLS_LOAD.LLC_HIT,MEM_BOUND_STALLS_LOAD.LLC_MISS,MEM_SCHEDULER_BLOCK.ALL,MEM_SCHEDULER_BLOCK.ST_BUF,TOPDOWN_BE_BOUND.MEM_SCHEDULER,MEM_SCHEDULER_BLOCK.LD_BUF,MEM_SCHEDULER_BLOCK.RSV,TOPDOWN_BE_BOUND.ALLOC_RESTRICTIONS,TOPDOWN_BE_BOUND.NON_MEM_SCHEDULER,TOPDOWN_BE_BOUND.REGISTER,TOPDOWN_BE_BOUND.REORDER_BUFFER,TOPDOWN_BE_BOUND.SERIALIZATION,UOPS_RETIRED.FPDIV,UNC_M_CAS_COUNT_RD,UNC_M_CAS_COUNT_WR, -d 0 -uem factor=10
6543 [6916] INFO perfrun.sdk <> - runCmd started PID 7532
7549 [2836] INFO perfrun.launcher <> - Launcher: all plugins were started
7550 [2836] INFO perfrun.launcher <> - DirectoryMonitor object was created
7550 [2836] INFO perfrun.launcher <> - DirectoryMonitor: a callback was added
7550 [2836] INFO perfrun.launcher <> - DirectoryMonitor was started with pingTime = 1000
7550 [2836] INFO perfrun.launcher <> - DeadlineTimer is going to be constructed
7551 [2836] INFO perfrun.launcher <> - DeadlineTimer: a callback was added
7560 [2836] INFO perfrun.launcher <> - Launcher: resume the profiled application and  wait its termination or stop command
21555 [2836] INFO perfrun.launcher <> - Launcher: the profiled application was terminated  with exit code = 0
21592 [6916] INFO perfrun.itt <> - detach itt controller
21592 [6916] INFO perfrun.itt <> - detach itt controller done
21593 [6916] INFO perfrun.sdk <> - runCmd: C:\Workspace\Intel_VTune_Profiler_2024.0.0\Intel_VTune_Profiler_2024.0.0\bin64\sep.exe -stop
21599 [6916] INFO perfrun.sdk <> - runCmd started PID 7240
23381 [6916] INFO perfrun.sepdk <> - Sampling successfully stopped.

23382 [6916] INFO perfrun.sepdk <> - Waiting for main SEP process (7532) to finish...
23382 [6916] INFO perfrun.sepdk <> - Main SEP process finished
23382 [6916] INFO perfrun.sdk <> - De-allocating TMU: C:\Users\sdp\Documents\VTune\Projects\sample (matrix)\r001ue\data.0\systemcollector-11756-9049FA0A8AC9.sc
23407 [6916] INFO perfrun.system <> - closed the system trace file: C:\Users\sdp\Documents\VTune\Projects\sample (matrix)\r001ue\data.0\systemcollector-11756-9049FA0A8AC9.sc
23408 [2836] INFO perfrun.launcher <> - Launcher: all plugins were stopped.
23408 [2836] INFO perfrun.launcher <> - DeadlineTimer is going to be destroyed
23408 [2836] INFO perfrun.launcher <> - DeadlineTimer was destroyed
23409 [2836] INFO perfrun.launcher <> - DirectoryMonitor object was destroyed
23409 [2836] WARN perfrun.launcher <> - Stop command is ignored because it is received when collection is already stopped, at file: vcs\perfrun1\launcher\src\command_handler.cpp:226
23410 [2836] INFO perfrun.launcher <> - Application exit code: 0
23410 [2836] INFO perfrun.launcher <> - Exit code: 0
