<?xml version="1.0" encoding="utf-8"?>
<log version="1.0" tool="runtool">

<msg id="1" tool="runtool">
  <type>log-start</type>
  <arg>2024/05/15 16:46:53</arg>
</msg>
<msg id="2" tool="runtool">
  <type>collector-starts</type>
</msg>
<msg id="3" tool="runtool">
  <type>marker-file</type>
  <arg>C:\Users\shumkin\Documents\GitHub\Education\HPS\n-bodys_new\n-body\n-body\r000ti3\r000ti3.inspxe</arg>
</msg>
<msg id="4" tool="tc">
  <type>START</type>
  <severity>INFO</severity>
  <timestamp>Wed May 15 16:46:54 2024</timestamp>
</msg>
<msg id="5" tool="tc">
  <type>EXEC_OF_INTEREST</type>
  <arg>c:\users\shumkin\documents\github\education\hps\n-bodys_new\n-body\x64\debug\n-body.exe</arg>
  <arg>2764</arg>
  <severity>INFO</severity>
  <timestamp>Wed May 15 16:46:54 2024</timestamp>
</msg>
<msg id="6" tool="tc">
  <type>LOAD_MODULE</type>
  <arg>c:\users\shumkin\documents\github\education\hps\n-bodys_new\n-body\x64\debug\n-body.exe</arg>
  <arg>0x7ff6c82b0000</arg>
  <arg>0x7ff6c82d1fff</arg>
  <arg>2</arg>
  <severity>INFO</severity>
  <timestamp>Wed May 15 16:46:54 2024</timestamp>
</msg>
<msg id="7" tool="tc">
  <type>LOAD_MODULE</type>
  <arg>c:\windows\system32\kernelbase.dll</arg>
  <arg>0x7ffdb5760000</arg>
  <arg>0x7ffdb5a55fff</arg>
  <arg>3</arg>
  <severity>INFO</severity>
  <timestamp>Wed May 15 16:46:54 2024</timestamp>
</msg>
<msg id="8" tool="tc">
  <type>LOAD_MODULE</type>
  <arg>c:\windows\system32\kernel32.dll</arg>
  <arg>0x7ffdb6d50000</arg>
  <arg>0x7ffdb6e0cfff</arg>
  <arg>4</arg>
  <severity>INFO</severity>
  <timestamp>Wed May 15 16:46:54 2024</timestamp>
</msg>
<msg id="9" tool="tc">
  <type>LOAD_MODULE</type>
  <arg>c:\windows\system32\ntdll.dll</arg>
  <arg>0x7ffdb7ed0000</arg>
  <arg>0x7ffdb80c7fff</arg>
  <arg>5</arg>
  <severity>INFO</severity>
  <timestamp>Wed May 15 16:46:55 2024</timestamp>
</msg>
<msg id="10" tool="tc">
  <type>LOAD_MODULE</type>
  <arg>c:\program files (x86)\intel\oneapi\compiler\2024.1\bin\libmmdd.dll</arg>
  <arg>0x7ffcd5c40000</arg>
  <arg>0x7ffcd606cfff</arg>
  <arg>6</arg>
  <severity>INFO</severity>
  <timestamp>Wed May 15 16:46:57 2024</timestamp>
</msg>
<msg id="11" tool="tc">
  <type>LOAD_MODULE</type>
  <arg>c:\windows\system32\vcruntime140d.dll</arg>
  <arg>0x7ffd13320000</arg>
  <arg>0x7ffd1334dfff</arg>
  <arg>7</arg>
  <severity>INFO</severity>
  <timestamp>Wed May 15 16:46:57 2024</timestamp>
</msg>
<msg id="12" tool="tc">
  <type>LOAD_MODULE</type>
  <arg>c:\windows\system32\msvcp140d.dll</arg>
  <arg>0x7ffcd5b50000</arg>
  <arg>0x7ffcd5c30fff</arg>
  <arg>8</arg>
  <severity>INFO</severity>
  <timestamp>Wed May 15 16:46:57 2024</timestamp>
</msg>
<msg id="13" tool="tc">
  <type>LOAD_MODULE</type>
  <arg>c:\program files (x86)\intel\oneapi\compiler\2024.1\bin\libiomp5md.dll</arg>
  <arg>0x7ffcd5880000</arg>
  <arg>0x7ffcd59dbfff</arg>
  <arg>9</arg>
  <severity>INFO</severity>
  <timestamp>Wed May 15 16:46:57 2024</timestamp>
</msg>
<msg id="14" tool="tc">
  <type>LOAD_MODULE</type>
  <arg>c:\windows\system32\ucrtbased.dll</arg>
  <arg>0x7ffcd5650000</arg>
  <arg>0x7ffcd5870fff</arg>
  <arg>10</arg>
  <severity>INFO</severity>
  <timestamp>Wed May 15 16:46:57 2024</timestamp>
</msg>
<msg id="15" tool="tc">
  <type>LOAD_MODULE</type>
  <arg>c:\windows\system32\ucrtbase.dll</arg>
  <arg>0x7ffdb5d50000</arg>
  <arg>0x7ffdb5e4ffff</arg>
  <arg>11</arg>
  <severity>INFO</severity>
  <timestamp>Wed May 15 16:46:58 2024</timestamp>
</msg>
<msg id="16" tool="tc">
  <type>LOAD_MODULE</type>
  <arg>c:\windows\system32\vcruntime140_1d.dll</arg>
  <arg>0x7ffd9c4c0000</arg>
  <arg>0x7ffd9c4cefff</arg>
  <arg>12</arg>
  <severity>INFO</severity>
  <timestamp>Wed May 15 16:46:58 2024</timestamp>
</msg>
<msg id="17" tool="tc">
  <type>LOAD_MODULE</type>
  <arg>c:\windows\system32\vcruntime140.dll</arg>
  <arg>0x7ffd9acf0000</arg>
  <arg>0x7ffd9ad0cfff</arg>
  <arg>13</arg>
  <severity>INFO</severity>
  <timestamp>Wed May 15 16:46:58 2024</timestamp>
</msg>
<msg id="18" tool="tc">
  <type>HEARTBEAT</type>
  <arg>2080,3772,1700,23924</arg>
  <arg>1,1,1,0</arg>
  <arg>1113,1740,1548,49706</arg>
  <severity>INFO</severity>
  <timestamp>Wed May 15 16:47:03 2024</timestamp>
</msg>
<msg id="19" tool="tc">
  <type>LOAD_MODULE</type>
  <arg>c:\program files (x86)\intel\oneapi\inspector\2024.1\bin64\runtime\libittnotify.dll</arg>
  <arg>0x7ffcd5ad0000</arg>
  <arg>0x7ffcd5b43fff</arg>
  <arg>14</arg>
  <severity>INFO</severity>
  <timestamp>Wed May 15 16:47:03 2024</timestamp>
</msg>
<msg id="20" tool="tc">
  <type>HEARTBEAT</type>
  <arg>2080,3772,1700,23924</arg>
  <arg>1,1,1,0</arg>
  <arg>0,0,0,50129</arg>
  <severity>INFO</severity>
  <timestamp>Wed May 15 16:47:04 2024</timestamp>
</msg>
<msg id="21" tool="tc">
  <type>LOAD_MODULE</type>
  <arg>c:\program files (x86)\intel\oneapi\inspector\2024.1\bin64\pinjitprofiling.dll</arg>
  <arg>0x7ffd97180000</arg>
  <arg>0x7ffd97187fff</arg>
  <arg>15</arg>
  <severity>INFO</severity>
  <timestamp>Wed May 15 16:47:04 2024</timestamp>
</msg>
<msg id="22" tool="tc">
  <type>LOAD_MODULE</type>
  <arg>dynamiccodebin</arg>
  <arg>0x0</arg>
  <arg>0x0</arg>
  <arg>16</arg>
  <severity>INFO</severity>
  <timestamp>Wed May 15 16:47:04 2024</timestamp>
</msg>
<msg id="23" tool="tc">
  <type>HEARTBEAT</type>
  <arg>2080,3772,1700,23924</arg>
  <arg>1,1,1,0</arg>
  <arg>0,0,0,15054</arg>
  <severity>INFO</severity>
  <timestamp>Wed May 15 16:47:05 2024</timestamp>
</msg>
<msg id="24" tool="tc">
  <type>HEARTBEAT</type>
  <arg>2080,3772,1700,23924</arg>
  <arg>1,1,1,0</arg>
  <arg>0,0,0,21867</arg>
  <severity>INFO</severity>
  <timestamp>Wed May 15 16:47:06 2024</timestamp>
</msg>
<msg id="25" tool="tc">
  <type>THREADNAME</type>
  <arg>23924</arg>
  <arg>OMP Primary Thread #0</arg>
  <severity>INFO</severity>
  <timestamp>Wed May 15 16:47:07 2024</timestamp>
</msg>
<msg id="26" tool="tc">
  <type>HEARTBEAT</type>
  <arg>18656,8520,23096,24324,15792,23680,18640,22808,5272,23828,27372,2080,3772,1700,23924</arg>
  <arg>1,1,1,1,1,1,1,1,1,1,0,1,1,1,0</arg>
  <arg>17,17,17,17,17,18,17,17,17,20,63,0,0,0,11135</arg>
  <severity>INFO</severity>
  <timestamp>Wed May 15 16:47:07 2024</timestamp>
</msg>
<msg id="27" tool="tc">
  <type>CTSA_NO_STACK</type>
  <severity>WARNING</severity>
  <timestamp>Wed May 15 16:47:07 2024</timestamp>
</msg>
<msg id="28" tool="tc">
  <type>THREADNAME</type>
  <arg>18656</arg>
  <arg>OMP Worker Thread #11</arg>
  <severity>INFO</severity>
  <timestamp>Wed May 15 16:47:08 2024</timestamp>
</msg>
<msg id="29" tool="tc">
  <type>THREADNAME</type>
  <arg>8520</arg>
  <arg>OMP Worker Thread #10</arg>
  <severity>INFO</severity>
  <timestamp>Wed May 15 16:47:08 2024</timestamp>
</msg>
<msg id="30" tool="tc">
  <type>THREADNAME</type>
  <arg>23096</arg>
  <arg>OMP Worker Thread #9</arg>
  <severity>INFO</severity>
  <timestamp>Wed May 15 16:47:08 2024</timestamp>
</msg>
<msg id="31" tool="tc">
  <type>THREADNAME</type>
  <arg>24324</arg>
  <arg>OMP Worker Thread #8</arg>
  <severity>INFO</severity>
  <timestamp>Wed May 15 16:47:08 2024</timestamp>
</msg>
<msg id="32" tool="tc">
  <type>THREADNAME</type>
  <arg>15792</arg>
  <arg>OMP Worker Thread #7</arg>
  <severity>INFO</severity>
  <timestamp>Wed May 15 16:47:08 2024</timestamp>
</msg>
<msg id="33" tool="tc">
  <type>THREADNAME</type>
  <arg>23680</arg>
  <arg>OMP Worker Thread #6</arg>
  <severity>INFO</severity>
  <timestamp>Wed May 15 16:47:08 2024</timestamp>
</msg>
<msg id="34" tool="tc">
  <type>THREADNAME</type>
  <arg>18640</arg>
  <arg>OMP Worker Thread #5</arg>
  <severity>INFO</severity>
  <timestamp>Wed May 15 16:47:08 2024</timestamp>
</msg>
<msg id="35" tool="tc">
  <type>THREADNAME</type>
  <arg>22808</arg>
  <arg>OMP Worker Thread #4</arg>
  <severity>INFO</severity>
  <timestamp>Wed May 15 16:47:08 2024</timestamp>
</msg>
<msg id="36" tool="tc">
  <type>THREADNAME</type>
  <arg>5272</arg>
  <arg>OMP Worker Thread #3</arg>
  <severity>INFO</severity>
  <timestamp>Wed May 15 16:47:08 2024</timestamp>
</msg>
<msg id="37" tool="tc">
  <type>THREADNAME</type>
  <arg>23828</arg>
  <arg>OMP Worker Thread #2</arg>
  <severity>INFO</severity>
  <timestamp>Wed May 15 16:47:08 2024</timestamp>
</msg>
<msg id="38" tool="tc">
  <type>THREADNAME</type>
  <arg>27372</arg>
  <arg>OMP Worker Thread #1</arg>
  <severity>INFO</severity>
  <timestamp>Wed May 15 16:47:08 2024</timestamp>
</msg>
<msg id="39" tool="tc">
  <type>HEARTBEAT</type>
  <arg>18656,8520,23096,24324,15792,23680,18640,22808,5272,23828,27372,2080,3772,1700,23924</arg>
  <arg>0,0,0,0,0,0,0,0,0,0,0,1,1,1,0</arg>
  <arg>2145,5044,2983,2131,3600,5746,3627,5073,2129,1334,2085,0,0,0,995</arg>
  <severity>INFO</severity>
  <timestamp>Wed May 15 16:47:08 2024</timestamp>
</msg>
<msg id="40" tool="tc">
  <type>HEARTBEAT</type>
  <arg>18656,8520,23096,24324,15792,23680,18640,22808,5272,23828,27372,2080,3772,1700,23924</arg>
  <arg>0,0,0,0,0,0,0,0,0,0,0,1,1,1,0</arg>
  <arg>0,0,0,0,0,0,0,0,0,0,0,0,0,0,0</arg>
  <severity>INFO</severity>
  <timestamp>Wed May 15 16:47:09 2024</timestamp>
</msg>
<msg id="41" tool="tc">
  <type>HEARTBEAT</type>
  <arg>18656,8520,23096,24324,15792,23680,18640,22808,5272,23828,27372,2080,3772,1700,23924</arg>
  <arg>0,0,0,0,0,0,0,0,0,0,0,1,1,1,0</arg>
  <arg>0,0,0,0,0,0,0,0,0,0,0,0,0,0,0</arg>
  <severity>INFO</severity>
  <timestamp>Wed May 15 16:47:10 2024</timestamp>
</msg>
<msg id="42" tool="tc">
  <type>HEARTBEAT</type>
  <arg>18656,8520,23096,24324,15792,23680,18640,22808,5272,23828,27372,2080,3772,1700,23924</arg>
  <arg>0,0,0,0,0,0,0,0,0,0,0,1,1,1,0</arg>
  <arg>0,0,0,0,0,0,0,0,0,0,0,0,0,0,0</arg>
  <severity>INFO</severity>
  <timestamp>Wed May 15 16:47:11 2024</timestamp>
</msg>
<msg id="43" tool="tc">
  <type>HEARTBEAT</type>
  <arg>18656,8520,23096,24324,15792,23680,18640,22808,5272,23828,27372,2080,3772,1700,23924</arg>
  <arg>0,0,0,0,0,0,0,0,0,0,0,1,1,1,0</arg>
  <arg>0,0,0,0,0,0,0,0,0,0,0,0,0,0,0</arg>
  <severity>INFO</severity>
  <timestamp>Wed May 15 16:47:12 2024</timestamp>
</msg>
<msg id="44" tool="tc">
  <type>HEARTBEAT</type>
  <arg>18656,8520,23096,24324,15792,23680,18640,22808,5272,23828,27372,2080,3772,1700,23924</arg>
  <arg>0,0,0,0,0,0,0,0,0,0,0,1,1,1,0</arg>
  <arg>0,0,0,0,0,0,0,0,0,0,0,0,0,0,0</arg>
  <severity>INFO</severity>
  <timestamp>Wed May 15 16:47:13 2024</timestamp>
</msg>
<msg id="45" tool="tc">
  <type>HEARTBEAT</type>
  <arg>18656,8520,23096,24324,15792,23680,18640,22808,5272,23828,27372,2080,3772,1700,23924</arg>
  <arg>0,0,0,0,0,0,0,0,0,0,0,1,1,1,0</arg>
  <arg>0,0,0,0,0,0,0,0,0,0,0,0,0,0,0</arg>
  <severity>INFO</severity>
  <timestamp>Wed May 15 16:47:14 2024</timestamp>
</msg>
<msg id="46" tool="tc">
  <type>HEARTBEAT</type>
  <arg>18656,8520,23096,24324,15792,23680,18640,22808,5272,23828,27372,2080,3772,1700,23924</arg>
  <arg>0,0,0,0,0,0,0,0,0,0,0,1,1,1,0</arg>
  <arg>0,0,0,0,0,0,0,0,0,0,0,0,0,0,0</arg>
  <severity>INFO</severity>
  <timestamp>Wed May 15 16:47:15 2024</timestamp>
</msg>
<msg id="47" tool="tc">
  <type>HEARTBEAT</type>
  <arg>18656,8520,23096,24324,15792,23680,18640,22808,5272,23828,27372,2080,3772,1700,23924</arg>
  <arg>0,0,0,0,0,0,0,0,0,0,0,1,1,1,0</arg>
  <arg>0,0,0,0,0,0,0,0,0,0,0,0,0,0,0</arg>
  <severity>INFO</severity>
  <timestamp>Wed May 15 16:47:16 2024</timestamp>
</msg>
<msg id="48" tool="tc">
  <type>HEARTBEAT</type>
  <arg>18656,8520,23096,24324,15792,23680,18640,22808,5272,23828,27372,2080,3772,1700,23924</arg>
  <arg>0,0,0,0,0,0,0,0,0,0,0,1,1,1,0</arg>
  <arg>0,0,0,0,0,0,0,0,0,0,0,0,0,0,0</arg>
  <severity>INFO</severity>
  <timestamp>Wed May 15 16:47:17 2024</timestamp>
</msg>
<msg id="49" tool="tc">
  <type>HEARTBEAT</type>
  <arg>18656,8520,23096,24324,15792,23680,18640,22808,5272,23828,27372,2080,3772,1700,23924</arg>
  <arg>0,0,0,0,0,0,0,0,0,0,0,1,1,1,0</arg>
  <arg>0,0,0,0,0,0,0,0,0,0,0,0,0,0,0</arg>
  <severity>INFO</severity>
  <timestamp>Wed May 15 16:47:18 2024</timestamp>
</msg>
<msg id="50" tool="tc">
  <type>HEARTBEAT</type>
  <arg>18656,8520,23096,24324,15792,23680,18640,22808,5272,23828,27372,2080,3772,1700,23924</arg>
  <arg>0,0,0,0,0,0,0,0,0,0,0,1,1,1,0</arg>
  <arg>0,0,0,0,0,0,0,0,0,0,0,0,0,0,0</arg>
  <severity>INFO</severity>
  <timestamp>Wed May 15 16:47:19 2024</timestamp>
</msg>
<msg id="51" tool="tc">
  <type>HEARTBEAT</type>
  <arg>18656,8520,23096,24324,15792,23680,18640,22808,5272,23828,27372,2080,3772,1700,23924</arg>
  <arg>0,0,0,0,0,0,0,0,0,0,0,1,1,1,0</arg>
  <arg>0,0,0,0,0,0,0,0,0,0,0,0,0,0,0</arg>
  <severity>INFO</severity>
  <timestamp>Wed May 15 16:47:20 2024</timestamp>
</msg>
<msg id="52" tool="tc">
  <type>HEARTBEAT</type>
  <arg>18656,8520,23096,24324,15792,23680,18640,22808,5272,23828,27372,2080,3772,1700,23924</arg>
  <arg>0,0,0,0,0,0,0,0,0,0,0,1,1,1,0</arg>
  <arg>0,0,0,0,0,0,0,0,0,0,0,0,0,0,0</arg>
  <severity>INFO</severity>
  <timestamp>Wed May 15 16:47:21 2024</timestamp>
</msg>
<msg id="53" tool="tc">
  <type>HEARTBEAT</type>
  <arg>18656,8520,23096,24324,15792,23680,18640,22808,5272,23828,27372,2080,3772,1700,23924</arg>
  <arg>0,0,0,0,0,0,0,0,0,0,0,1,1,1,0</arg>
  <arg>81618,78717,0,3620,0,77998,80140,78717,82618,791,0,0,0,0,83385</arg>
  <severity>INFO</severity>
  <timestamp>Wed May 15 16:47:22 2024</timestamp>
</msg>
<msg id="54" tool="tc">
  <type>HEARTBEAT</type>
  <arg>18656,8520,23096,24324,15792,23680,18640,22808,5272,23828,27372,2080,3772,1700,23924</arg>
  <arg>0,0,0,0,0,0,0,0,0,0,0,1,1,1,0</arg>
  <arg>0,0,0,0,0,0,0,0,0,0,0,0,0,0,0</arg>
  <severity>INFO</severity>
  <timestamp>Wed May 15 16:47:23 2024</timestamp>
</msg>
<msg id="55" tool="tc">
  <type>HEARTBEAT</type>
  <arg>18656,8520,23096,24324,15792,23680,18640,22808,5272,23828,27372,2080,3772,1700,23924</arg>
  <arg>0,0,0,0,0,0,0,0,0,0,0,1,1,1,0</arg>
  <arg>0,0,0,0,0,0,0,0,0,0,0,0,0,0,0</arg>
  <severity>INFO</severity>
  <timestamp>Wed May 15 16:47:24 2024</timestamp>
</msg>
<msg id="56" tool="tc">
  <type>HEARTBEAT</type>
  <arg>18656,8520,23096,24324,15792,23680,18640,22808,5272,23828,27372,2080,3772,1700,23924</arg>
  <arg>0,0,0,0,0,0,0,0,0,0,0,1,1,1,0</arg>
  <arg>0,0,0,0,0,0,0,0,0,0,0,0,0,0,0</arg>
  <severity>INFO</severity>
  <timestamp>Wed May 15 16:47:25 2024</timestamp>
</msg>
<msg id="57" tool="tc">
  <type>HEARTBEAT</type>
  <arg>18656,8520,23096,24324,15792,23680,18640,22808,5272,23828,27372,2080,3772,1700,23924</arg>
  <arg>0,0,0,0,0,0,0,0,0,0,0,1,1,1,0</arg>
  <arg>0,0,0,0,0,0,0,0,0,0,0,0,0,0,0</arg>
  <severity>INFO</severity>
  <timestamp>Wed May 15 16:47:26 2024</timestamp>
</msg>
<msg id="58" tool="tc">
  <type>HEARTBEAT</type>
  <arg>18656,8520,23096,24324,15792,23680,18640,22808,5272,23828,27372,2080,3772,1700,23924</arg>
  <arg>0,0,0,0,0,0,0,0,0,0,0,1,1,1,0</arg>
  <arg>0,0,0,0,0,0,0,0,0,0,0,0,0,0,0</arg>
  <severity>INFO</severity>
  <timestamp>Wed May 15 16:47:27 2024</timestamp>
</msg>
<msg id="59" tool="tc">
  <type>HEARTBEAT</type>
  <arg>18656,8520,23096,24324,15792,23680,18640,22808,5272,23828,27372,2080,3772,1700,23924</arg>
  <arg>0,0,0,0,0,0,0,0,0,0,0,1,1,1,0</arg>
  <arg>0,0,0,0,0,0,0,0,0,0,0,0,0,0,0</arg>
  <severity>INFO</severity>
  <timestamp>Wed May 15 16:47:28 2024</timestamp>
</msg>
<msg id="60" tool="tc">
  <type>HEARTBEAT</type>
  <arg>18656,8520,23096,24324,15792,23680,18640,22808,5272,23828,27372,2080,3772,1700,23924</arg>
  <arg>0,0,0,0,0,0,0,0,0,0,0,1,1,1,0</arg>
  <arg>0,0,0,0,0,0,0,0,0,0,0,0,0,0,0</arg>
  <severity>INFO</severity>
  <timestamp>Wed May 15 16:47:29 2024</timestamp>
</msg>
<msg id="61" tool="tc">
  <type>HEARTBEAT</type>
  <arg>18656,8520,23096,24324,15792,23680,18640,22808,5272,23828,27372,2080,3772,1700,23924</arg>
  <arg>0,0,0,0,0,0,0,0,0,0,0,1,1,1,0</arg>
  <arg>0,0,0,0,0,0,0,0,0,0,0,0,0,0,0</arg>
  <severity>INFO</severity>
  <timestamp>Wed May 15 16:47:30 2024</timestamp>
</msg>
<msg id="62" tool="tc">
  <type>HEARTBEAT</type>
  <arg>18656,8520,23096,24324,15792,23680,18640,22808,5272,23828,27372,2080,3772,1700,23924</arg>
  <arg>0,0,0,0,0,0,0,0,0,0,0,1,1,1,0</arg>
  <arg>0,0,0,0,0,0,0,0,0,0,0,0,0,0,0</arg>
  <severity>INFO</severity>
  <timestamp>Wed May 15 16:47:31 2024</timestamp>
</msg>
<msg id="63" tool="tc">
  <type>HEARTBEAT</type>
  <arg>18656,8520,23096,24324,15792,23680,18640,22808,5272,23828,27372,2080,3772,1700,23924</arg>
  <arg>0,0,0,0,0,0,0,0,0,0,0,1,1,1,0</arg>
  <arg>0,0,0,0,0,0,0,0,0,0,0,0,0,0,0</arg>
  <severity>INFO</severity>
  <timestamp>Wed May 15 16:47:32 2024</timestamp>
</msg>
<msg id="64" tool="tc">
  <type>HEARTBEAT</type>
  <arg>18656,8520,23096,24324,15792,23680,18640,22808,5272,23828,27372,2080,3772,1700,23924</arg>
  <arg>0,0,0,0,0,0,0,0,0,0,0,1,1,1,0</arg>
  <arg>0,0,0,0,0,0,0,0,0,0,0,0,0,0,0</arg>
  <severity>INFO</severity>
  <timestamp>Wed May 15 16:47:33 2024</timestamp>
</msg>
<msg id="65" tool="tc">
  <type>HEARTBEAT</type>
  <arg>18656,8520,23096,24324,15792,23680,18640,22808,5272,23828,27372,2080,3772,1700,23924</arg>
  <arg>0,0,0,0,0,0,0,0,0,0,0,1,1,1,0</arg>
  <arg>0,0,0,0,0,0,0,0,0,0,0,0,0,0,0</arg>
  <severity>INFO</severity>
  <timestamp>Wed May 15 16:47:34 2024</timestamp>
</msg>
<msg id="66" tool="tc">
  <type>HEARTBEAT</type>
  <arg>18656,8520,23096,24324,15792,23680,18640,22808,5272,23828,27372,2080,3772,1700,23924</arg>
  <arg>0,0,0,0,0,0,0,0,0,0,0,1,1,1,0</arg>
  <arg>0,0,0,0,0,0,0,0,0,0,0,0,0,0,0</arg>
  <severity>INFO</severity>
  <timestamp>Wed May 15 16:47:35 2024</timestamp>
</msg>
<msg id="67" tool="tc">
  <type>HEARTBEAT</type>
  <arg>18656,8520,23096,24324,15792,23680,18640,22808,5272,23828,27372,2080,3772,1700,23924</arg>
  <arg>0,0,0,0,0,0,0,0,0,0,0,1,1,1,0</arg>
  <arg>0,0,0,0,0,0,0,0,0,0,0,0,0,0,0</arg>
  <severity>INFO</severity>
  <timestamp>Wed May 15 16:47:36 2024</timestamp>
</msg>
<msg id="68" tool="tc">
  <type>HEARTBEAT</type>
  <arg>18656,8520,23096,24324,15792,23680,18640,22808,5272,23828,27372,2080,3772,1700,23924</arg>
  <arg>0,0,0,0,0,0,0,0,0,0,0,1,1,1,0</arg>
  <arg>0,0,0,0,0,0,0,0,0,0,0,0,0,0,0</arg>
  <severity>INFO</severity>
  <timestamp>Wed May 15 16:47:37 2024</timestamp>
</msg>
<msg id="69" tool="tc">
  <type>HEARTBEAT</type>
  <arg>18656,8520,23096,24324,15792,23680,18640,22808,5272,23828,27372,2080,3772,1700,23924</arg>
  <arg>0,0,0,0,0,0,0,0,0,0,0,1,1,1,0</arg>
  <arg>0,0,0,0,0,0,0,0,0,0,0,0,0,0,0</arg>
  <severity>INFO</severity>
  <timestamp>Wed May 15 16:47:38 2024</timestamp>
</msg>
<msg id="70" tool="tc">
  <type>HEARTBEAT</type>
  <arg>18656,8520,23096,24324,15792,23680,18640,22808,5272,23828,27372,2080,3772,1700,23924</arg>
  <arg>0,0,0,0,0,0,0,0,0,0,0,1,1,1,0</arg>
  <arg>0,0,0,0,0,0,0,0,0,0,0,0,0,0,0</arg>
  <severity>INFO</severity>
  <timestamp>Wed May 15 16:47:39 2024</timestamp>
</msg>
<msg id="71" tool="tc">
  <type>HEARTBEAT</type>
  <arg>18656,8520,23096,24324,15792,23680,18640,22808,5272,23828,27372,2080,3772,1700,23924</arg>
  <arg>0,0,0,0,0,0,0,0,0,0,0,1,1,1,0</arg>
  <arg>0,0,0,0,0,0,0,0,0,0,0,0,0,0,0</arg>
  <severity>INFO</severity>
  <timestamp>Wed May 15 16:47:40 2024</timestamp>
</msg>
<msg id="72" tool="tc">
  <type>HEARTBEAT</type>
  <arg>18656,8520,23096,24324,15792,23680,18640,22808,5272,23828,27372,2080,3772,1700,23924</arg>
  <arg>0,0,0,0,0,0,0,0,0,0,0,1,1,1,0</arg>
  <arg>0,0,0,0,0,0,0,0,0,0,0,0,0,0,0</arg>
  <severity>INFO</severity>
  <timestamp>Wed May 15 16:47:41 2024</timestamp>
</msg>
<msg id="73" tool="tc">
  <type>HEARTBEAT</type>
  <arg>18656,8520,23096,24324,15792,23680,18640,22808,5272,23828,27372,2080,3772,1700,23924</arg>
  <arg>0,0,0,0,0,0,0,0,0,0,0,1,1,1,0</arg>
  <arg>0,0,0,0,0,0,0,0,0,0,0,0,0,0,0</arg>
  <severity>INFO</severity>
  <timestamp>Wed May 15 16:47:42 2024</timestamp>
</msg>
<msg id="74" tool="tc">
  <type>HEARTBEAT</type>
  <arg>18656,8520,23096,24324,15792,23680,18640,22808,5272,23828,27372,2080,3772,1700,23924</arg>
  <arg>0,0,0,0,0,0,0,0,0,0,0,1,1,1,0</arg>
  <arg>0,0,0,0,0,0,0,0,0,0,0,0,0,0,0</arg>
  <severity>INFO</severity>
  <timestamp>Wed May 15 16:47:43 2024</timestamp>
</msg>
<msg id="75" tool="tc">
  <type>HEARTBEAT</type>
  <arg>18656,8520,23096,24324,15792,23680,18640,22808,5272,23828,27372,2080,3772,1700,23924</arg>
  <arg>0,0,0,0,0,0,0,0,0,0,0,1,1,1,0</arg>
  <arg>0,0,0,0,0,0,0,0,0,0,0,0,0,0,0</arg>
  <severity>INFO</severity>
  <timestamp>Wed May 15 16:47:44 2024</timestamp>
</msg>
<msg id="76" tool="tc">
  <type>HEARTBEAT</type>
  <arg>18656,8520,23096,24324,15792,23680,18640,22808,5272,23828,27372,2080,3772,1700,23924</arg>
  <arg>0,0,0,0,0,0,0,0,0,0,0,1,1,1,0</arg>
  <arg>0,0,0,0,0,0,0,0,0,0,0,0,0,0,0</arg>
  <severity>INFO</severity>
  <timestamp>Wed May 15 16:47:45 2024</timestamp>
</msg>
<msg id="77" tool="tc">
  <type>HEARTBEAT</type>
  <arg>18656,8520,23096,24324,15792,23680,18640,22808,5272,23828,27372,2080,3772,1700,23924</arg>
  <arg>0,0,0,0,0,0,0,0,0,0,0,1,1,1,0</arg>
  <arg>0,0,0,0,0,0,0,0,0,0,0,0,0,0,0</arg>
  <severity>INFO</severity>
  <timestamp>Wed May 15 16:47:46 2024</timestamp>
</msg>
<msg id="78" tool="tc">
  <type>HEARTBEAT</type>
  <arg>22048,18656,8520,23096,24324,15792,23680,18640,22808,5272,23828,27372,2080,3772,1700,23924</arg>
  <arg>0,0,0,0,0,0,0,0,0,0,0,0,1,1,1,0</arg>
  <arg>393,0,0,0,0,0,0,0,0,0,0,0,0,0,0,0</arg>
  <severity>INFO</severity>
  <timestamp>Wed May 15 16:47:47 2024</timestamp>
</msg>
<msg id="79" tool="tc">
  <type>HEARTBEAT</type>
  <arg>22048,18656,8520,23096,24324,15792,23680,18640,22808,5272,23828,27372,2080,3772,1700,23924</arg>
  <arg>0,0,0,0,0,0,0,0,0,0,0,0,1,1,1,0</arg>
  <arg>0,0,0,0,0,0,0,0,0,0,0,0,0,0,0,0</arg>
  <severity>INFO</severity>
  <timestamp>Wed May 15 16:47:48 2024</timestamp>
</msg>
<msg id="80" tool="tc">
  <type>HEARTBEAT</type>
  <arg>22048,18656,8520,23096,24324,15792,23680,18640,22808,5272,23828,27372,2080,3772,1700,23924</arg>
  <arg>0,0,0,0,0,0,0,0,0,0,0,0,1,1,1,0</arg>
  <arg>0,0,0,0,0,0,0,0,0,0,0,0,0,0,0,0</arg>
  <severity>INFO</severity>
  <timestamp>Wed May 15 16:47:49 2024</timestamp>
</msg>
<msg id="81" tool="tc">
  <type>HEARTBEAT</type>
  <arg>22048,18656,8520,23096,24324,15792,23680,18640,22808,5272,23828,27372,2080,3772,1700,23924</arg>
  <arg>0,0,0,0,0,0,0,0,0,0,0,0,1,1,1,0</arg>
  <arg>0,0,0,0,0,0,0,0,0,0,0,0,0,0,0,0</arg>
  <severity>INFO</severity>
  <timestamp>Wed May 15 16:47:50 2024</timestamp>
</msg>
<msg id="82" tool="tc">
  <type>HEARTBEAT</type>
  <arg>22048,18656,8520,23096,24324,15792,23680,18640,22808,5272,23828,27372,2080,3772,1700,23924</arg>
  <arg>0,0,0,0,0,0,0,0,0,0,0,0,1,1,1,0</arg>
  <arg>0,0,0,0,0,0,0,0,0,0,0,0,0,0,0,0</arg>
  <severity>INFO</severity>
  <timestamp>Wed May 15 16:47:51 2024</timestamp>
</msg>
