<?xml version="1.0" encoding="utf-8" ?>
<!-- DO NOT EDIT THIS FILE -->

<log version='2.0' source='tcet'>
	<!-- Sampling enabled with the following: -->
	<!--     Budget                              5: -->
	<!--     Overdraft Budget                   75: -->
	<!--     Savings Budget                      2: -->
	<!-- Opened annotation file C:\Program Files (x86)\Intel\oneAPI\inspector\2024.1\bin64\..\config\tc\qt.ant -->
	<!-- Opened annotation file C:\Program Files (x86)\Intel\oneAPI\inspector\2024.1\bin64\..\config\tc\cpp11.ant -->
	<!-- Opened annotation file C:\Program Files (x86)\Intel\oneAPI\inspector\2024.1\bin64\..\config\tc\cpp11_atomics.ant -->
	<!-- Opened annotation file C:\Program Files (x86)\Intel\oneAPI\inspector\2024.1\bin64\..\config\tc\fortran.ant -->
	<!-- Opened annotation file C:\Program Files (x86)\Intel\oneAPI\inspector\2024.1\bin64\..\config\tc\icl.ant -->
	<!-- Opened annotation file C:\Program Files (x86)\Intel\oneAPI\inspector\2024.1\bin64\..\config\tc\allocators.ant -->
	<!-- Opened annotation file C:\Program Files (x86)\Intel\oneAPI\inspector\2024.1\bin64\..\config\tc\boost.ant -->
	<!-- Opened annotation file C:\Program Files (x86)\Intel\oneAPI\inspector\2024.1\bin64\..\config\tc\system_api_filter.ant -->
	<!-- Opened annotation file C:\Program Files (x86)\Intel\oneAPI\inspector\2024.1\bin64\..\config\tc\system_api.ant -->
	<msg id='1' display='false' source='tccore'>
		<type>START</type>
		<severity>INFO</severity>
		<timestamp>Wed May 15 16:46:54 2024</timestamp>
	</msg>
	<!-- Successfully loaded CCRT 13.15.7 at address 0x7ffd783d0000 - 0x7ffd783f1000 -->
	<!-- Successfully loaded the TC Analysis Core 8.23.1 at address 0x7ffcd61f0000 - 0x7ffcd6216000 -->
	<!-- Successfully loaded the TC Instrumentation Engine 8.23.1 at address 0x59ea0000 - 0x5a11b000 -->
	<!-- Environment: INTEL_LIBITTNOTIFY32=C:\Program Files (x86)\Intel\oneAPI\inspector\2024.1\bin32\runtime\libittnotify.dll -->
	<!-- Environment: INTEL_LIBITTNOTIFY64=C:\Program Files (x86)\Intel\oneAPI\inspector\2024.1\bin64\runtime\libittnotify.dll -->
	<!-- Environment: INTEL_JIT_PROFILER32=C:\Program Files (x86)\Intel\oneAPI\inspector\2024.1\bin32\pinjitprofiling.dll -->
	<!-- Environment: INTEL_JIT_PROFILER64=C:\Program Files (x86)\Intel\oneAPI\inspector\2024.1\bin64\pinjitprofiling.dll -->
	<!-- This is the instance of interest -->
	<msg id='2' source='tcet'>
		<type>EXEC_OF_INTEREST</type>
		<severity>INFO</severity>
		<timestamp>Wed May 15 16:46:54 2024</timestamp>
		<arg name='process'>c:\users\shumkin\documents\github\education\hps\n-bodys_new\n-body\x64\debug\n-body.exe</arg>
		<arg name='pid'>2764</arg>
	</msg>
	<msg id='3' source='tcet'>
		<type>LOAD_MODULE</type>
		<severity>INFO</severity>
		<timestamp>Wed May 15 16:46:54 2024</timestamp>
		<arg name='module'>c:\users\shumkin\documents\github\education\hps\n-bodys_new\n-body\x64\debug\n-body.exe</arg>
		<arg name='basement'>0x7ff6c82b0000</arg>
		<arg name='ceiling'>0x7ff6c82d1fff</arg>
		<arg name='id'>2</arg>
	</msg>
	<msg id='4' source='tcet'>
		<type>LOAD_MODULE</type>
		<severity>INFO</severity>
		<timestamp>Wed May 15 16:46:54 2024</timestamp>
		<arg name='module'>c:\windows\system32\kernelbase.dll</arg>
		<arg name='basement'>0x7ffdb5760000</arg>
		<arg name='ceiling'>0x7ffdb5a55fff</arg>
		<arg name='id'>3</arg>
	</msg>
	<!-- Target OS: Win8 or Server 2K2012 or later -->
	<msg id='5' source='tcet'>
		<type>LOAD_MODULE</type>
		<severity>INFO</severity>
		<timestamp>Wed May 15 16:46:54 2024</timestamp>
		<arg name='module'>c:\windows\system32\kernel32.dll</arg>
		<arg name='basement'>0x7ffdb6d50000</arg>
		<arg name='ceiling'>0x7ffdb6e0cfff</arg>
		<arg name='id'>4</arg>
	</msg>
	<!-- Target OS: Win8 or Server 2K2012 or later -->
	<msg id='6' source='tcet'>
		<type>LOAD_MODULE</type>
		<severity>INFO</severity>
		<timestamp>Wed May 15 16:46:55 2024</timestamp>
		<arg name='module'>c:\windows\system32\ntdll.dll</arg>
		<arg name='basement'>0x7ffdb7ed0000</arg>
		<arg name='ceiling'>0x7ffdb80c7fff</arg>
		<arg name='id'>5</arg>
	</msg>
	<!-- Target OS: Win8 or Server 2K2012 or later -->
	<msg id='7' source='tcet'>
		<type>LOAD_MODULE</type>
		<severity>INFO</severity>
		<timestamp>Wed May 15 16:46:57 2024</timestamp>
		<arg name='module'>c:\program files (x86)\intel\oneapi\compiler\2024.1\bin\libmmdd.dll</arg>
		<arg name='basement'>0x7ffcd5c40000</arg>
		<arg name='ceiling'>0x7ffcd606cfff</arg>
		<arg name='id'>6</arg>
	</msg>
	<msg id='8' source='tcet'>
		<type>LOAD_MODULE</type>
		<severity>INFO</severity>
		<timestamp>Wed May 15 16:46:57 2024</timestamp>
		<arg name='module'>c:\windows\system32\vcruntime140d.dll</arg>
		<arg name='basement'>0x7ffd13320000</arg>
		<arg name='ceiling'>0x7ffd1334dfff</arg>
		<arg name='id'>7</arg>
	</msg>
	<msg id='9' source='tcet'>
		<type>LOAD_MODULE</type>
		<severity>INFO</severity>
		<timestamp>Wed May 15 16:46:57 2024</timestamp>
		<arg name='module'>c:\windows\system32\msvcp140d.dll</arg>
		<arg name='basement'>0x7ffcd5b50000</arg>
		<arg name='ceiling'>0x7ffcd5c30fff</arg>
		<arg name='id'>8</arg>
	</msg>
	<msg id='10' source='tcet'>
		<type>LOAD_MODULE</type>
		<severity>INFO</severity>
		<timestamp>Wed May 15 16:46:57 2024</timestamp>
		<arg name='module'>c:\program files (x86)\intel\oneapi\compiler\2024.1\bin\libiomp5md.dll</arg>
		<arg name='basement'>0x7ffcd5880000</arg>
		<arg name='ceiling'>0x7ffcd59dbfff</arg>
		<arg name='id'>9</arg>
	</msg>
	<msg id='11' source='tcet'>
		<type>LOAD_MODULE</type>
		<severity>INFO</severity>
		<timestamp>Wed May 15 16:46:57 2024</timestamp>
		<arg name='module'>c:\windows\system32\ucrtbased.dll</arg>
		<arg name='basement'>0x7ffcd5650000</arg>
		<arg name='ceiling'>0x7ffcd5870fff</arg>
		<arg name='id'>10</arg>
	</msg>
	<msg id='12' source='tcet'>
		<type>LOAD_MODULE</type>
		<severity>INFO</severity>
		<timestamp>Wed May 15 16:46:58 2024</timestamp>
		<arg name='module'>c:\windows\system32\ucrtbase.dll</arg>
		<arg name='basement'>0x7ffdb5d50000</arg>
		<arg name='ceiling'>0x7ffdb5e4ffff</arg>
		<arg name='id'>11</arg>
	</msg>
	<msg id='13' source='tcet'>
		<type>LOAD_MODULE</type>
		<severity>INFO</severity>
		<timestamp>Wed May 15 16:46:58 2024</timestamp>
		<arg name='module'>c:\windows\system32\vcruntime140_1d.dll</arg>
		<arg name='basement'>0x7ffd9c4c0000</arg>
		<arg name='ceiling'>0x7ffd9c4cefff</arg>
		<arg name='id'>12</arg>
	</msg>
	<msg id='14' source='tcet'>
		<type>LOAD_MODULE</type>
		<severity>INFO</severity>
		<timestamp>Wed May 15 16:46:58 2024</timestamp>
		<arg name='module'>c:\windows\system32\vcruntime140.dll</arg>
		<arg name='basement'>0x7ffd9acf0000</arg>
		<arg name='ceiling'>0x7ffd9ad0cfff</arg>
		<arg name='id'>13</arg>
	</msg>
	<msg id='15' display='false' source='tcet'>
		<type>HEARTBEAT</type>
		<severity>INFO</severity>
		<timestamp>Wed May 15 16:47:03 2024</timestamp>
		<arg name='tids'>2080,3772,1700,23924</arg>
		<arg name='syscalls'>1,1,1,0</arg>
		<arg name='calls'>1113,1740,1548,49706</arg>
	</msg>
	<msg id='16' source='tcet'>
		<type>LOAD_MODULE</type>
		<severity>INFO</severity>
		<timestamp>Wed May 15 16:47:03 2024</timestamp>
		<arg name='module'>c:\program files (x86)\intel\oneapi\inspector\2024.1\bin64\runtime\libittnotify.dll</arg>
		<arg name='basement'>0x7ffcd5ad0000</arg>
		<arg name='ceiling'>0x7ffcd5b43fff</arg>
		<arg name='id'>14</arg>
	</msg>
	<!-- Target OS: Win8 or Server 2K2012 or later -->
	<msg id='17' display='false' source='tcet'>
		<type>HEARTBEAT</type>
		<severity>INFO</severity>
		<timestamp>Wed May 15 16:47:04 2024</timestamp>
		<arg name='tids'>2080,3772,1700,23924</arg>
		<arg name='syscalls'>1,1,1,0</arg>
		<arg name='calls'>0,0,0,50129</arg>
	</msg>
	<msg id='18' source='tcet'>
		<type>LOAD_MODULE</type>
		<severity>INFO</severity>
		<timestamp>Wed May 15 16:47:04 2024</timestamp>
		<arg name='module'>c:\program files (x86)\intel\oneapi\inspector\2024.1\bin64\pinjitprofiling.dll</arg>
		<arg name='basement'>0x7ffd97180000</arg>
		<arg name='ceiling'>0x7ffd97187fff</arg>
		<arg name='id'>15</arg>
	</msg>
	<msg id='19' source='tcet'>
		<type>LOAD_MODULE</type>
		<severity>INFO</severity>
		<timestamp>Wed May 15 16:47:04 2024</timestamp>
		<arg name='module'>dynamiccodebin</arg>
		<arg name='basement'>0x0</arg>
		<arg name='ceiling'>0x0</arg>
		<arg name='id'>16</arg>
	</msg>
	<!-- Target OS: Win8 or Server 2K2012 or later -->
	<!-- Routine at entry point of image dynamiccodebin is invalid -->
	<msg id='20' display='false' source='tcet'>
		<type>HEARTBEAT</type>
		<severity>INFO</severity>
		<timestamp>Wed May 15 16:47:05 2024</timestamp>
		<arg name='tids'>2080,3772,1700,23924</arg>
		<arg name='syscalls'>1,1,1,0</arg>
		<arg name='calls'>0,0,0,15054</arg>
	</msg>
	<msg id='21' display='false' source='tcet'>
		<type>HEARTBEAT</type>
		<severity>INFO</severity>
		<timestamp>Wed May 15 16:47:06 2024</timestamp>
		<arg name='tids'>2080,3772,1700,23924</arg>
		<arg name='syscalls'>1,1,1,0</arg>
		<arg name='calls'>0,0,0,21867</arg>
	</msg>
	<msg id='22' display='false' source='tcet'>
		<type>THREADNAME</type>
		<severity>INFO</severity>
		<timestamp>Wed May 15 16:47:07 2024</timestamp>
		<arg name='tid'>23924</arg>
		<arg name='name'>OMP Primary Thread #0</arg>
	</msg>
	<msg id='23' display='false' source='tcet'>
		<type>HEARTBEAT</type>
		<severity>INFO</severity>
		<timestamp>Wed May 15 16:47:07 2024</timestamp>
		<arg name='tids'>18656,8520,23096,24324,15792,23680,18640,22808,5272,23828,27372,2080,3772,1700,23924</arg>
		<arg name='syscalls'>1,1,1,1,1,1,1,1,1,1,0,1,1,1,0</arg>
		<arg name='calls'>17,17,17,17,17,18,17,17,17,20,63,0,0,0,11135</arg>
	</msg>
	<msg id='24' source='tccore'>
		<type>CTSA_NO_STACK</type>
		<severity>WARNING</severity>
		<timestamp>Wed May 15 16:47:07 2024</timestamp>
	</msg>
	<msg id='25' display='false' source='tcet'>
		<type>THREADNAME</type>
		<severity>INFO</severity>
		<timestamp>Wed May 15 16:47:08 2024</timestamp>
		<arg name='tid'>18656</arg>
		<arg name='name'>OMP Worker Thread #11</arg>
	</msg>
	<msg id='26' display='false' source='tcet'>
		<type>THREADNAME</type>
		<severity>INFO</severity>
		<timestamp>Wed May 15 16:47:08 2024</timestamp>
		<arg name='tid'>8520</arg>
		<arg name='name'>OMP Worker Thread #10</arg>
	</msg>
	<msg id='27' display='false' source='tcet'>
		<type>THREADNAME</type>
		<severity>INFO</severity>
		<timestamp>Wed May 15 16:47:08 2024</timestamp>
		<arg name='tid'>23096</arg>
		<arg name='name'>OMP Worker Thread #9</arg>
	</msg>
	<msg id='28' display='false' source='tcet'>
		<type>THREADNAME</type>
		<severity>INFO</severity>
		<timestamp>Wed May 15 16:47:08 2024</timestamp>
		<arg name='tid'>24324</arg>
		<arg name='name'>OMP Worker Thread #8</arg>
	</msg>
	<msg id='29' display='false' source='tcet'>
		<type>THREADNAME</type>
		<severity>INFO</severity>
		<timestamp>Wed May 15 16:47:08 2024</timestamp>
		<arg name='tid'>15792</arg>
		<arg name='name'>OMP Worker Thread #7</arg>
	</msg>
	<msg id='30' display='false' source='tcet'>
		<type>THREADNAME</type>
		<severity>INFO</severity>
		<timestamp>Wed May 15 16:47:08 2024</timestamp>
		<arg name='tid'>23680</arg>
		<arg name='name'>OMP Worker Thread #6</arg>
	</msg>
	<msg id='31' display='false' source='tcet'>
		<type>THREADNAME</type>
		<severity>INFO</severity>
		<timestamp>Wed May 15 16:47:08 2024</timestamp>
		<arg name='tid'>18640</arg>
		<arg name='name'>OMP Worker Thread #5</arg>
	</msg>
	<msg id='32' display='false' source='tcet'>
		<type>THREADNAME</type>
		<severity>INFO</severity>
		<timestamp>Wed May 15 16:47:08 2024</timestamp>
		<arg name='tid'>22808</arg>
		<arg name='name'>OMP Worker Thread #4</arg>
	</msg>
	<msg id='33' display='false' source='tcet'>
		<type>THREADNAME</type>
		<severity>INFO</severity>
		<timestamp>Wed May 15 16:47:08 2024</timestamp>
		<arg name='tid'>5272</arg>
		<arg name='name'>OMP Worker Thread #3</arg>
	</msg>
	<msg id='34' display='false' source='tcet'>
		<type>THREADNAME</type>
		<severity>INFO</severity>
		<timestamp>Wed May 15 16:47:08 2024</timestamp>
		<arg name='tid'>23828</arg>
		<arg name='name'>OMP Worker Thread #2</arg>
	</msg>
	<msg id='35' display='false' source='tcet'>
		<type>THREADNAME</type>
		<severity>INFO</severity>
		<timestamp>Wed May 15 16:47:08 2024</timestamp>
		<arg name='tid'>27372</arg>
		<arg name='name'>OMP Worker Thread #1</arg>
	</msg>
	<msg id='36' display='false' source='tcet'>
		<type>HEARTBEAT</type>
		<severity>INFO</severity>
		<timestamp>Wed May 15 16:47:08 2024</timestamp>
		<arg name='tids'>18656,8520,23096,24324,15792,23680,18640,22808,5272,23828,27372,2080,3772,1700,23924</arg>
		<arg name='syscalls'>0,0,0,0,0,0,0,0,0,0,0,1,1,1,0</arg>
		<arg name='calls'>2145,5044,2983,2131,3600,5746,3627,5073,2129,1334,2085,0,0,0,995</arg>
	</msg>
	<msg id='37' display='false' source='tcet'>
		<type>HEARTBEAT</type>
		<severity>INFO</severity>
		<timestamp>Wed May 15 16:47:09 2024</timestamp>
		<arg name='tids'>18656,8520,23096,24324,15792,23680,18640,22808,5272,23828,27372,2080,3772,1700,23924</arg>
		<arg name='syscalls'>0,0,0,0,0,0,0,0,0,0,0,1,1,1,0</arg>
		<arg name='calls'>0,0,0,0,0,0,0,0,0,0,0,0,0,0,0</arg>
	</msg>
	<msg id='38' display='false' source='tcet'>
		<type>HEARTBEAT</type>
		<severity>INFO</severity>
		<timestamp>Wed May 15 16:47:10 2024</timestamp>
		<arg name='tids'>18656,8520,23096,24324,15792,23680,18640,22808,5272,23828,27372,2080,3772,1700,23924</arg>
		<arg name='syscalls'>0,0,0,0,0,0,0,0,0,0,0,1,1,1,0</arg>
		<arg name='calls'>0,0,0,0,0,0,0,0,0,0,0,0,0,0,0</arg>
	</msg>
	<msg id='39' display='false' source='tcet'>
		<type>HEARTBEAT</type>
		<severity>INFO</severity>
		<timestamp>Wed May 15 16:47:11 2024</timestamp>
		<arg name='tids'>18656,8520,23096,24324,15792,23680,18640,22808,5272,23828,27372,2080,3772,1700,23924</arg>
		<arg name='syscalls'>0,0,0,0,0,0,0,0,0,0,0,1,1,1,0</arg>
		<arg name='calls'>0,0,0,0,0,0,0,0,0,0,0,0,0,0,0</arg>
	</msg>
	<msg id='40' display='false' source='tcet'>
		<type>HEARTBEAT</type>
		<severity>INFO</severity>
		<timestamp>Wed May 15 16:47:12 2024</timestamp>
		<arg name='tids'>18656,8520,23096,24324,15792,23680,18640,22808,5272,23828,27372,2080,3772,1700,23924</arg>
		<arg name='syscalls'>0,0,0,0,0,0,0,0,0,0,0,1,1,1,0</arg>
		<arg name='calls'>0,0,0,0,0,0,0,0,0,0,0,0,0,0,0</arg>
	</msg>
	<msg id='41' display='false' source='tcet'>
		<type>HEARTBEAT</type>
		<severity>INFO</severity>
		<timestamp>Wed May 15 16:47:13 2024</timestamp>
		<arg name='tids'>18656,8520,23096,24324,15792,23680,18640,22808,5272,23828,27372,2080,3772,1700,23924</arg>
		<arg name='syscalls'>0,0,0,0,0,0,0,0,0,0,0,1,1,1,0</arg>
		<arg name='calls'>0,0,0,0,0,0,0,0,0,0,0,0,0,0,0</arg>
	</msg>
	<msg id='42' display='false' source='tcet'>
		<type>HEARTBEAT</type>
		<severity>INFO</severity>
		<timestamp>Wed May 15 16:47:14 2024</timestamp>
		<arg name='tids'>18656,8520,23096,24324,15792,23680,18640,22808,5272,23828,27372,2080,3772,1700,23924</arg>
		<arg name='syscalls'>0,0,0,0,0,0,0,0,0,0,0,1,1,1,0</arg>
		<arg name='calls'>0,0,0,0,0,0,0,0,0,0,0,0,0,0,0</arg>
	</msg>
	<msg id='43' display='false' source='tcet'>
		<type>HEARTBEAT</type>
		<severity>INFO</severity>
		<timestamp>Wed May 15 16:47:15 2024</timestamp>
		<arg name='tids'>18656,8520,23096,24324,15792,23680,18640,22808,5272,23828,27372,2080,3772,1700,23924</arg>
		<arg name='syscalls'>0,0,0,0,0,0,0,0,0,0,0,1,1,1,0</arg>
		<arg name='calls'>0,0,0,0,0,0,0,0,0,0,0,0,0,0,0</arg>
	</msg>
	<msg id='44' display='false' source='tcet'>
		<type>HEARTBEAT</type>
		<severity>INFO</severity>
		<timestamp>Wed May 15 16:47:16 2024</timestamp>
		<arg name='tids'>18656,8520,23096,24324,15792,23680,18640,22808,5272,23828,27372,2080,3772,1700,23924</arg>
		<arg name='syscalls'>0,0,0,0,0,0,0,0,0,0,0,1,1,1,0</arg>
		<arg name='calls'>0,0,0,0,0,0,0,0,0,0,0,0,0,0,0</arg>
	</msg>
	<msg id='45' display='false' source='tcet'>
		<type>HEARTBEAT</type>
		<severity>INFO</severity>
		<timestamp>Wed May 15 16:47:17 2024</timestamp>
		<arg name='tids'>18656,8520,23096,24324,15792,23680,18640,22808,5272,23828,27372,2080,3772,1700,23924</arg>
		<arg name='syscalls'>0,0,0,0,0,0,0,0,0,0,0,1,1,1,0</arg>
		<arg name='calls'>0,0,0,0,0,0,0,0,0,0,0,0,0,0,0</arg>
	</msg>
	<msg id='46' display='false' source='tcet'>
		<type>HEARTBEAT</type>
		<severity>INFO</severity>
		<timestamp>Wed May 15 16:47:18 2024</timestamp>
		<arg name='tids'>18656,8520,23096,24324,15792,23680,18640,22808,5272,23828,27372,2080,3772,1700,23924</arg>
		<arg name='syscalls'>0,0,0,0,0,0,0,0,0,0,0,1,1,1,0</arg>
		<arg name='calls'>0,0,0,0,0,0,0,0,0,0,0,0,0,0,0</arg>
	</msg>
	<msg id='47' display='false' source='tcet'>
		<type>HEARTBEAT</type>
		<severity>INFO</severity>
		<timestamp>Wed May 15 16:47:19 2024</timestamp>
		<arg name='tids'>18656,8520,23096,24324,15792,23680,18640,22808,5272,23828,27372,2080,3772,1700,23924</arg>
		<arg name='syscalls'>0,0,0,0,0,0,0,0,0,0,0,1,1,1,0</arg>
		<arg name='calls'>0,0,0,0,0,0,0,0,0,0,0,0,0,0,0</arg>
	</msg>
	<msg id='48' display='false' source='tcet'>
		<type>HEARTBEAT</type>
		<severity>INFO</severity>
		<timestamp>Wed May 15 16:47:20 2024</timestamp>
		<arg name='tids'>18656,8520,23096,24324,15792,23680,18640,22808,5272,23828,27372,2080,3772,1700,23924</arg>
		<arg name='syscalls'>0,0,0,0,0,0,0,0,0,0,0,1,1,1,0</arg>
		<arg name='calls'>0,0,0,0,0,0,0,0,0,0,0,0,0,0,0</arg>
	</msg>
	<msg id='49' display='false' source='tcet'>
		<type>HEARTBEAT</type>
		<severity>INFO</severity>
		<timestamp>Wed May 15 16:47:21 2024</timestamp>
		<arg name='tids'>18656,8520,23096,24324,15792,23680,18640,22808,5272,23828,27372,2080,3772,1700,23924</arg>
		<arg name='syscalls'>0,0,0,0,0,0,0,0,0,0,0,1,1,1,0</arg>
		<arg name='calls'>0,0,0,0,0,0,0,0,0,0,0,0,0,0,0</arg>
	</msg>
	<msg id='50' display='false' source='tcet'>
		<type>HEARTBEAT</type>
		<severity>INFO</severity>
		<timestamp>Wed May 15 16:47:22 2024</timestamp>
		<arg name='tids'>18656,8520,23096,24324,15792,23680,18640,22808,5272,23828,27372,2080,3772,1700,23924</arg>
		<arg name='syscalls'>0,0,0,0,0,0,0,0,0,0,0,1,1,1,0</arg>
		<arg name='calls'>81618,78717,0,3620,0,77998,80140,78717,82618,791,0,0,0,0,83385</arg>
	</msg>
	<msg id='51' display='false' source='tcet'>
		<type>HEARTBEAT</type>
		<severity>INFO</severity>
		<timestamp>Wed May 15 16:47:23 2024</timestamp>
		<arg name='tids'>18656,8520,23096,24324,15792,23680,18640,22808,5272,23828,27372,2080,3772,1700,23924</arg>
		<arg name='syscalls'>0,0,0,0,0,0,0,0,0,0,0,1,1,1,0</arg>
		<arg name='calls'>0,0,0,0,0,0,0,0,0,0,0,0,0,0,0</arg>
	</msg>
	<msg id='52' display='false' source='tcet'>
		<type>HEARTBEAT</type>
		<severity>INFO</severity>
		<timestamp>Wed May 15 16:47:24 2024</timestamp>
		<arg name='tids'>18656,8520,23096,24324,15792,23680,18640,22808,5272,23828,27372,2080,3772,1700,23924</arg>
		<arg name='syscalls'>0,0,0,0,0,0,0,0,0,0,0,1,1,1,0</arg>
		<arg name='calls'>0,0,0,0,0,0,0,0,0,0,0,0,0,0,0</arg>
	</msg>
	<msg id='53' display='false' source='tcet'>
		<type>HEARTBEAT</type>
		<severity>INFO</severity>
		<timestamp>Wed May 15 16:47:25 2024</timestamp>
		<arg name='tids'>18656,8520,23096,24324,15792,23680,18640,22808,5272,23828,27372,2080,3772,1700,23924</arg>
		<arg name='syscalls'>0,0,0,0,0,0,0,0,0,0,0,1,1,1,0</arg>
		<arg name='calls'>0,0,0,0,0,0,0,0,0,0,0,0,0,0,0</arg>
	</msg>
	<msg id='54' display='false' source='tcet'>
		<type>HEARTBEAT</type>
		<severity>INFO</severity>
		<timestamp>Wed May 15 16:47:26 2024</timestamp>
		<arg name='tids'>18656,8520,23096,24324,15792,23680,18640,22808,5272,23828,27372,2080,3772,1700,23924</arg>
		<arg name='syscalls'>0,0,0,0,0,0,0,0,0,0,0,1,1,1,0</arg>
		<arg name='calls'>0,0,0,0,0,0,0,0,0,0,0,0,0,0,0</arg>
	</msg>
	<msg id='55' display='false' source='tcet'>
		<type>HEARTBEAT</type>
		<severity>INFO</severity>
		<timestamp>Wed May 15 16:47:27 2024</timestamp>
		<arg name='tids'>18656,8520,23096,24324,15792,23680,18640,22808,5272,23828,27372,2080,3772,1700,23924</arg>
		<arg name='syscalls'>0,0,0,0,0,0,0,0,0,0,0,1,1,1,0</arg>
		<arg name='calls'>0,0,0,0,0,0,0,0,0,0,0,0,0,0,0</arg>
	</msg>
	<msg id='56' display='false' source='tcet'>
		<type>HEARTBEAT</type>
		<severity>INFO</severity>
		<timestamp>Wed May 15 16:47:28 2024</timestamp>
		<arg name='tids'>18656,8520,23096,24324,15792,23680,18640,22808,5272,23828,27372,2080,3772,1700,23924</arg>
		<arg name='syscalls'>0,0,0,0,0,0,0,0,0,0,0,1,1,1,0</arg>
		<arg name='calls'>0,0,0,0,0,0,0,0,0,0,0,0,0,0,0</arg>
	</msg>
	<msg id='57' display='false' source='tcet'>
		<type>HEARTBEAT</type>
		<severity>INFO</severity>
		<timestamp>Wed May 15 16:47:29 2024</timestamp>
		<arg name='tids'>18656,8520,23096,24324,15792,23680,18640,22808,5272,23828,27372,2080,3772,1700,23924</arg>
		<arg name='syscalls'>0,0,0,0,0,0,0,0,0,0,0,1,1,1,0</arg>
		<arg name='calls'>0,0,0,0,0,0,0,0,0,0,0,0,0,0,0</arg>
	</msg>
	<msg id='58' display='false' source='tcet'>
		<type>HEARTBEAT</type>
		<severity>INFO</severity>
		<timestamp>Wed May 15 16:47:30 2024</timestamp>
		<arg name='tids'>18656,8520,23096,24324,15792,23680,18640,22808,5272,23828,27372,2080,3772,1700,23924</arg>
		<arg name='syscalls'>0,0,0,0,0,0,0,0,0,0,0,1,1,1,0</arg>
		<arg name='calls'>0,0,0,0,0,0,0,0,0,0,0,0,0,0,0</arg>
	</msg>
	<msg id='59' display='false' source='tcet'>
		<type>HEARTBEAT</type>
		<severity>INFO</severity>
		<timestamp>Wed May 15 16:47:31 2024</timestamp>
		<arg name='tids'>18656,8520,23096,24324,15792,23680,18640,22808,5272,23828,27372,2080,3772,1700,23924</arg>
		<arg name='syscalls'>0,0,0,0,0,0,0,0,0,0,0,1,1,1,0</arg>
		<arg name='calls'>0,0,0,0,0,0,0,0,0,0,0,0,0,0,0</arg>
	</msg>
	<msg id='60' display='false' source='tcet'>
		<type>HEARTBEAT</type>
		<severity>INFO</severity>
		<timestamp>Wed May 15 16:47:32 2024</timestamp>
		<arg name='tids'>18656,8520,23096,24324,15792,23680,18640,22808,5272,23828,27372,2080,3772,1700,23924</arg>
		<arg name='syscalls'>0,0,0,0,0,0,0,0,0,0,0,1,1,1,0</arg>
		<arg name='calls'>0,0,0,0,0,0,0,0,0,0,0,0,0,0,0</arg>
	</msg>
	<msg id='61' display='false' source='tcet'>
		<type>HEARTBEAT</type>
		<severity>INFO</severity>
		<timestamp>Wed May 15 16:47:33 2024</timestamp>
		<arg name='tids'>18656,8520,23096,24324,15792,23680,18640,22808,5272,23828,27372,2080,3772,1700,23924</arg>
		<arg name='syscalls'>0,0,0,0,0,0,0,0,0,0,0,1,1,1,0</arg>
		<arg name='calls'>0,0,0,0,0,0,0,0,0,0,0,0,0,0,0</arg>
	</msg>
	<msg id='62' display='false' source='tcet'>
		<type>HEARTBEAT</type>
		<severity>INFO</severity>
		<timestamp>Wed May 15 16:47:34 2024</timestamp>
		<arg name='tids'>18656,8520,23096,24324,15792,23680,18640,22808,5272,23828,27372,2080,3772,1700,23924</arg>
		<arg name='syscalls'>0,0,0,0,0,0,0,0,0,0,0,1,1,1,0</arg>
		<arg name='calls'>0,0,0,0,0,0,0,0,0,0,0,0,0,0,0</arg>
	</msg>
	<msg id='63' display='false' source='tcet'>
		<type>HEARTBEAT</type>
		<severity>INFO</severity>
		<timestamp>Wed May 15 16:47:35 2024</timestamp>
		<arg name='tids'>18656,8520,23096,24324,15792,23680,18640,22808,5272,23828,27372,2080,3772,1700,23924</arg>
		<arg name='syscalls'>0,0,0,0,0,0,0,0,0,0,0,1,1,1,0</arg>
		<arg name='calls'>0,0,0,0,0,0,0,0,0,0,0,0,0,0,0</arg>
	</msg>
	<msg id='64' display='false' source='tcet'>
		<type>HEARTBEAT</type>
		<severity>INFO</severity>
		<timestamp>Wed May 15 16:47:36 2024</timestamp>
		<arg name='tids'>18656,8520,23096,24324,15792,23680,18640,22808,5272,23828,27372,2080,3772,1700,23924</arg>
		<arg name='syscalls'>0,0,0,0,0,0,0,0,0,0,0,1,1,1,0</arg>
		<arg name='calls'>0,0,0,0,0,0,0,0,0,0,0,0,0,0,0</arg>
	</msg>
	<msg id='65' display='false' source='tcet'>
		<type>HEARTBEAT</type>
		<severity>INFO</severity>
		<timestamp>Wed May 15 16:47:37 2024</timestamp>
		<arg name='tids'>18656,8520,23096,24324,15792,23680,18640,22808,5272,23828,27372,2080,3772,1700,23924</arg>
		<arg name='syscalls'>0,0,0,0,0,0,0,0,0,0,0,1,1,1,0</arg>
		<arg name='calls'>0,0,0,0,0,0,0,0,0,0,0,0,0,0,0</arg>
	</msg>
	<msg id='66' display='false' source='tcet'>
		<type>HEARTBEAT</type>
		<severity>INFO</severity>
		<timestamp>Wed May 15 16:47:38 2024</timestamp>
		<arg name='tids'>18656,8520,23096,24324,15792,23680,18640,22808,5272,23828,27372,2080,3772,1700,23924</arg>
		<arg name='syscalls'>0,0,0,0,0,0,0,0,0,0,0,1,1,1,0</arg>
		<arg name='calls'>0,0,0,0,0,0,0,0,0,0,0,0,0,0,0</arg>
	</msg>
	<msg id='67' display='false' source='tcet'>
		<type>HEARTBEAT</type>
		<severity>INFO</severity>
		<timestamp>Wed May 15 16:47:39 2024</timestamp>
		<arg name='tids'>18656,8520,23096,24324,15792,23680,18640,22808,5272,23828,27372,2080,3772,1700,23924</arg>
		<arg name='syscalls'>0,0,0,0,0,0,0,0,0,0,0,1,1,1,0</arg>
		<arg name='calls'>0,0,0,0,0,0,0,0,0,0,0,0,0,0,0</arg>
	</msg>
	<msg id='68' display='false' source='tcet'>
		<type>HEARTBEAT</type>
		<severity>INFO</severity>
		<timestamp>Wed May 15 16:47:40 2024</timestamp>
		<arg name='tids'>18656,8520,23096,24324,15792,23680,18640,22808,5272,23828,27372,2080,3772,1700,23924</arg>
		<arg name='syscalls'>0,0,0,0,0,0,0,0,0,0,0,1,1,1,0</arg>
		<arg name='calls'>0,0,0,0,0,0,0,0,0,0,0,0,0,0,0</arg>
	</msg>
	<msg id='69' display='false' source='tcet'>
		<type>HEARTBEAT</type>
		<severity>INFO</severity>
		<timestamp>Wed May 15 16:47:41 2024</timestamp>
		<arg name='tids'>18656,8520,23096,24324,15792,23680,18640,22808,5272,23828,27372,2080,3772,1700,23924</arg>
		<arg name='syscalls'>0,0,0,0,0,0,0,0,0,0,0,1,1,1,0</arg>
		<arg name='calls'>0,0,0,0,0,0,0,0,0,0,0,0,0,0,0</arg>
	</msg>
	<msg id='70' display='false' source='tcet'>
		<type>HEARTBEAT</type>
		<severity>INFO</severity>
		<timestamp>Wed May 15 16:47:42 2024</timestamp>
		<arg name='tids'>18656,8520,23096,24324,15792,23680,18640,22808,5272,23828,27372,2080,3772,1700,23924</arg>
		<arg name='syscalls'>0,0,0,0,0,0,0,0,0,0,0,1,1,1,0</arg>
		<arg name='calls'>0,0,0,0,0,0,0,0,0,0,0,0,0,0,0</arg>
	</msg>
	<msg id='71' display='false' source='tcet'>
		<type>HEARTBEAT</type>
		<severity>INFO</severity>
		<timestamp>Wed May 15 16:47:43 2024</timestamp>
		<arg name='tids'>18656,8520,23096,24324,15792,23680,18640,22808,5272,23828,27372,2080,3772,1700,23924</arg>
		<arg name='syscalls'>0,0,0,0,0,0,0,0,0,0,0,1,1,1,0</arg>
		<arg name='calls'>0,0,0,0,0,0,0,0,0,0,0,0,0,0,0</arg>
	</msg>
	<msg id='72' display='false' source='tcet'>
		<type>HEARTBEAT</type>
		<severity>INFO</severity>
		<timestamp>Wed May 15 16:47:44 2024</timestamp>
		<arg name='tids'>18656,8520,23096,24324,15792,23680,18640,22808,5272,23828,27372,2080,3772,1700,23924</arg>
		<arg name='syscalls'>0,0,0,0,0,0,0,0,0,0,0,1,1,1,0</arg>
		<arg name='calls'>0,0,0,0,0,0,0,0,0,0,0,0,0,0,0</arg>
	</msg>
	<msg id='73' display='false' source='tcet'>
		<type>HEARTBEAT</type>
		<severity>INFO</severity>
		<timestamp>Wed May 15 16:47:45 2024</timestamp>
		<arg name='tids'>18656,8520,23096,24324,15792,23680,18640,22808,5272,23828,27372,2080,3772,1700,23924</arg>
		<arg name='syscalls'>0,0,0,0,0,0,0,0,0,0,0,1,1,1,0</arg>
		<arg name='calls'>0,0,0,0,0,0,0,0,0,0,0,0,0,0,0</arg>
	</msg>
	<msg id='74' display='false' source='tcet'>
		<type>HEARTBEAT</type>
		<severity>INFO</severity>
		<timestamp>Wed May 15 16:47:46 2024</timestamp>
		<arg name='tids'>18656,8520,23096,24324,15792,23680,18640,22808,5272,23828,27372,2080,3772,1700,23924</arg>
		<arg name='syscalls'>0,0,0,0,0,0,0,0,0,0,0,1,1,1,0</arg>
		<arg name='calls'>0,0,0,0,0,0,0,0,0,0,0,0,0,0,0</arg>
	</msg>
	<msg id='75' display='false' source='tcet'>
		<type>HEARTBEAT</type>
		<severity>INFO</severity>
		<timestamp>Wed May 15 16:47:47 2024</timestamp>
		<arg name='tids'>22048,18656,8520,23096,24324,15792,23680,18640,22808,5272,23828,27372,2080,3772,1700,23924</arg>
		<arg name='syscalls'>0,0,0,0,0,0,0,0,0,0,0,0,1,1,1,0</arg>
		<arg name='calls'>393,0,0,0,0,0,0,0,0,0,0,0,0,0,0,0</arg>
	</msg>
	<msg id='76' display='false' source='tcet'>
		<type>HEARTBEAT</type>
		<severity>INFO</severity>
		<timestamp>Wed May 15 16:47:48 2024</timestamp>
		<arg name='tids'>22048,18656,8520,23096,24324,15792,23680,18640,22808,5272,23828,27372,2080,3772,1700,23924</arg>
		<arg name='syscalls'>0,0,0,0,0,0,0,0,0,0,0,0,1,1,1,0</arg>
		<arg name='calls'>0,0,0,0,0,0,0,0,0,0,0,0,0,0,0,0</arg>
	</msg>
	<msg id='77' display='false' source='tcet'>
		<type>HEARTBEAT</type>
		<severity>INFO</severity>
		<timestamp>Wed May 15 16:47:49 2024</timestamp>
		<arg name='tids'>22048,18656,8520,23096,24324,15792,23680,18640,22808,5272,23828,27372,2080,3772,1700,23924</arg>
		<arg name='syscalls'>0,0,0,0,0,0,0,0,0,0,0,0,1,1,1,0</arg>
		<arg name='calls'>0,0,0,0,0,0,0,0,0,0,0,0,0,0,0,0</arg>
	</msg>
	<msg id='78' display='false' source='tcet'>
		<type>HEARTBEAT</type>
		<severity>INFO</severity>
		<timestamp>Wed May 15 16:47:50 2024</timestamp>
		<arg name='tids'>22048,18656,8520,23096,24324,15792,23680,18640,22808,5272,23828,27372,2080,3772,1700,23924</arg>
		<arg name='syscalls'>0,0,0,0,0,0,0,0,0,0,0,0,1,1,1,0</arg>
		<arg name='calls'>0,0,0,0,0,0,0,0,0,0,0,0,0,0,0,0</arg>
	</msg>
	<msg id='79' display='false' source='tcet'>
		<type>HEARTBEAT</type>
		<severity>INFO</severity>
		<timestamp>Wed May 15 16:47:51 2024</timestamp>
		<arg name='tids'>22048,18656,8520,23096,24324,15792,23680,18640,22808,5272,23828,27372,2080,3772,1700,23924</arg>
		<arg name='syscalls'>0,0,0,0,0,0,0,0,0,0,0,0,1,1,1,0</arg>
		<arg name='calls'>0,0,0,0,0,0,0,0,0,0,0,0,0,0,0,0</arg>
	</msg>