185 [28076] INFO perfrun.launcher <> - Launcher main begin
197 [28076] INFO perfrun.launcher <> - MessageCatalogInit finished
197 [28076] INFO perfrun.launcher <> - Launcher instance created
197 [28076] INFO perfrun.launcher <> - argc = 6; cmdline = C:\Program Files (x86)\Intel\oneAPI\advisor\2024.1\bin64\advixe-runss.exe --ui-output-format xml --ui-output-fd 5024 --context-value-list 
312 [28076] INFO perfrun.launcher <> - New signal handler callback was added
426 [28076] INFO perfrun.launcher <> - create msngr2::ICliToolContext
427 [28076] INFO perfrun.launcher <> - create file finder object
428 [28076] INFO perfrun.launcher <> - Put into the variant bag the context value: name = targetOS; value = Windows
428 [28076] INFO perfrun.launcher <> - Put into the variant bag the context value: name = OS; value = Windows
428 [28076] INFO perfrun.launcher <> - Put into the variant bag the context value: name = OSBuildNumber; value = 19045
429 [28076] INFO perfrun.launcher <> - Put into the variant bag the context value: name = OSBitness; value = 64
429 [28076] INFO perfrun.launcher <> - Put into the variant bag the context value: name = AdministratorPrivileges; value = false
429 [28076] INFO perfrun.launcher <> - Put into the variant bag the context value: name = isPtraceScopeLimited; value = false
429 [28076] INFO perfrun.launcher <> - Put into the variant bag the context value: name = isCATSupportedByCPU; value = false
429 [28076] INFO perfrun.launcher <> - Put into the variant bag the context value: name = isL3MonitoringSupportedByCPU; value = false
429 [28076] INFO perfrun.launcher <> - Put into the variant bag the context value: name = isTSXAvailable; value = false
429 [28076] INFO perfrun.launcher <> - Put into the variant bag the context value: name = isPTAvailable; value = true
430 [28076] INFO perfrun.launcher <> - Put into the variant bag the context value: name = isHTEnabled; value = true
430 [28076] INFO perfrun.launcher <> - Put into the variant bag the context value: name = fpgaOnBoard; value = None
430 [28076] INFO perfrun.launcher <> - Put into the variant bag the context value: name = omniPathOnBoard; value = None
430 [28076] INFO perfrun.launcher <> - Put into the variant bag the context value: name = genArchOnBoard; value = 0
430 [28076] INFO perfrun.launcher <> - Put into the variant bag the context value: name = pciClassParts; value = 
430 [28076] INFO perfrun.launcher <> - Put into the variant bag the context value: name = tidValuesForIO; value = 
431 [28076] INFO perfrun.launcher <> - Put into the variant bag the context value: name = populatedIoParts; value = 
431 [28076] INFO perfrun.launcher <> - Put into the variant bag the context value: name = populatedIoUnits; value = 
431 [28076] INFO perfrun.launcher <> - Put into the variant bag the context value: name = populatedTidValuesForIO; value = 
431 [28076] INFO perfrun.launcher <> - Put into the variant bag the context value: name = isSGXAvailable; value = false
432 [28076] INFO perfrun.launcher <> - Put into the variant bag the context value: name = Hypervisor; value = None
432 [28076] INFO perfrun.launcher <> - Put into the variant bag the context value: name = PerfmonVersion; value = 5
432 [28076] INFO perfrun.launcher <> - Put into the variant bag the context value: name = isMaxDRAMBandwidthMeasurementSupported; value = false
432 [28076] INFO perfrun.launcher <> - Put into the variant bag the context value: name = preferedGpuAdapter; value = 0:1:0.0
432 [28076] INFO perfrun.launcher <> - Put into the variant bag the context value: name = isEHFIAvailable; value = false
433 [28076] INFO perfrun.launcher <> - Put into the variant bag the context value: name = areGpuHardwareMetricsAvailableList; value = 
433 [28076] INFO perfrun.launcher <> - Put into the variant bag the context value: name = gpuPlatformIndexList; value = 
433 [28076] INFO perfrun.launcher <> - Put into the variant bag the context value: name = isTPSSAvailable; value = true
434 [28076] INFO perfrun.launcher <> - Put into the variant bag the context value: name = isPytraceAvailable; value = true
434 [28076] INFO perfrun.launcher <> - Put into the variant bag the context value: name = isGENDebugInfoAvailableList; value = 
434 [28076] INFO perfrun.launcher <> - Put into the variant bag the context value: name = isGTPinCollectionAvailableList; value = 
434 [28076] INFO perfrun.launcher <> - Put into the variant bag the context value: name = forceShowInlines; value = false
434 [28076] INFO perfrun.launcher <> - Application exit code: 0
434 [28076] INFO perfrun.launcher <> - Exit code: 0
