147 [2320] INFO perfrun.launcher <> - Launcher main begin
156 [2320] INFO perfrun.launcher <> - MessageCatalogInit finished
156 [2320] INFO perfrun.launcher <> - Launcher instance created
156 [2320] INFO perfrun.launcher <> - argc = 7; cmdline = C:\Program Files (x86)\Intel\oneAPI\advisor\2024.1\bin64\advixe-runss.exe --ui-output-format xml --ui-output-fd 5760 --option-file C:\Users\shumkin\Documents\GitHub\Education\HPS\n-bodys_new\n-body\n-body\e000\hs029\config\runss.options 
235 [2320] INFO perfrun.launcher <> - New signal handler callback was added
324 [2320] INFO perfrun.launcher <> - create msngr2::ICliToolContext
326 [2320] INFO perfrun.launcher <> - create file finder object
326 [2320] INFO perfrun.launcher <> - create a result directory: pattern = C:\Users\shumkin\Documents\GitHub\Education\HPS\n-bodys_new\n-body\n-body\e000\hs029 pid = 4294967295
349 [2320] INFO perfrun.launcher <> - create data directory = C:\Users\shumkin\Documents\GitHub\Education\HPS\n-bodys_new\n-body\n-body\e000\hs029\data.0
350 [2320] INFO perfrun.launcher <> - Creating the master collection flag
359 [2320] INFO perfrun.launcher <> - Done creating the master collection flag
360 [27776] INFO perfrun.launcher <> - plugin [remoteplug] was disabled because it doesn't support the given collection type.
361 [27776] INFO perfrun.sdk <> - Allocating TMU :C:\Users\shumkin\Documents\GitHub\Education\HPS\n-bodys_new\n-body\n-body\e000\hs029\data.0\systemcollector-20456-PROGRAMMER20.amplituda.loc.sc
361 [27776] INFO perfrun.launcher <> - plugin [] was disabled because it doesn't support the given collection type.
364 [27776] INFO perfrun.launcher <> - plugin [] was disabled because it doesn't support the given collection type.
364 [27776] INFO perfrun.launcher <> - plugin [gpu] was disabled because it doesn't support the given collection type.
364 [27776] INFO perfrun.launcher <> - plugin [] was disabled because it doesn't support the given collection type.
364 [27776] INFO perfrun.launcher <> - plugin [] was disabled because it doesn't support the given collection type.
364 [27776] INFO perfrun.launcher <> - plugin [] was disabled because it doesn't support the given collection type.
365 [27776] INFO perfrun.mrte <> - system-wide mode is 0
365 [27776] INFO perfrun.mrte <> - Getting  mrte profiling environment ...
388 [27776] INFO perfrun.mrte <> - INTEL_MRTE_DATA_DIR=C:\Users\shumkin\Documents\GitHub\Education\HPS\n-bodys_new\n-body\n-body\e000\hs029\data.0
388 [27776] INFO perfrun.mrte <> - INTEL_MRTE_HOST_NAME=PROGRAMMER20.amplituda.loc
388 [27776] INFO perfrun.mrte <> - JAVA_TOOL_OPTIONS=-agentlib:advixe_tpssmrte_javaprof_1.0
388 [27776] INFO perfrun.mrte <> - PATH=C:\Program Files (x86)\Intel\oneAPI\advisor\2024.1\bin32\runtime;C:\Program Files (x86)\Intel\oneAPI\advisor\2024.1\bin64\runtime;C:\\Program Files (x86)\\Intel\\oneAPI\\compiler\\2024.1\\bin;C:\Python27;C:\Program Files (x86)\Windows Kits\10\Windows Performance Toolkit\;C:\Users\shumkin\AppData\Local\Programs\Python\Python312\Scripts\;C:\Users\shumkin\AppData\Local\Programs\Python\Python312\;C:\Users\shumkin\AppData\Local\Programs\Python\Launcher\;C:\Python27;C:\Users\shumkin\AppData\Local\Programs\Microsoft VS Code\bin;C:\Program Files (x86)\Intel\oneAPI\compiler\latest\bin\;
388 [27776] INFO perfrun.mrte <> - COR_ENABLE_PROFILING=1
388 [27776] INFO perfrun.mrte <> - COR_PROFILER={10337B79-F6CD-4df9-8D18-26A67272096B}
388 [27776] INFO perfrun.mrte <> - COMPLUS_ProfAPI_ProfilerCompatibilitySetting=EnableV2Profiler
388 [27776] INFO perfrun.mrte <> - CORECLR_ENABLE_PROFILING=1
388 [27776] INFO perfrun.mrte <> - CORECLR_PROFILER={10337B79-F6CD-4df9-8D18-26A67272096B}
388 [27776] INFO perfrun.mrte <> - CORECLR_PROFILER_PATH=C:\Program Files (x86)\Intel\oneAPI\advisor\2024.1\bin64/advixe_samplingmrte_clrprof_1.0.dll
388 [27776] INFO perfrun.mrte <> - INTEL_MRTE_PROFILER_MODE=mixed
388 [27776] INFO perfrun.mrte <> - Data directory: C:\Users\shumkin\Documents\GitHub\Education\HPS\n-bodys_new\n-body\n-body\e000\hs029\data.0
388 [27776] INFO perfrun.mrte <> - Mrte plugin is initialized
388 [27776] INFO perfrun.launcher <> - plugin [] was disabled because it doesn't support the given collection type.
388 [27776] INFO perfrun.launcher <> - plugin [] was disabled because it doesn't support the given collection type.
388 [27776] INFO perfrun.launcher <> - plugin [] was disabled because it doesn't support the given collection type.
388 [27776] INFO perfrun.launcher <> - plugin [] was disabled because it doesn't support the given collection type.
388 [27776] INFO perfrun.launcher <> - plugin [] was disabled because it doesn't support the given collection type.
388 [27776] INFO perfrun.launcher <> - plugin [] was disabled because it doesn't support the given collection type.
388 [27776] INFO perfrun.launcher <> - plugin [] was disabled because it doesn't support the given collection type.
388 [27776] INFO perfrun.tpss <> - initialize tpss controller
388 [27776] INFO perfrun.tpss <> - configure collection mode: value = cpu:stack
388 [27776] INFO perfrun.tpss <> - default obj-size-min=1024
388 [27776] INFO perfrun.tpss <> - default hash-table-size=0
389 [27776] INFO perfrun.launcher <> - plugin [] was disabled because it doesn't support the given collection type.
389 [27776] INFO perfrun.launcher <> - plugin [] was disabled because it doesn't support the given collection type.
389 [27776] INFO perfrun.launcher <> - plugin [] was disabled because it doesn't support the given collection type.
389 [27776] INFO perfrun.launcher <> - plugin [] was disabled because it doesn't support the given collection type.
389 [27776] INFO perfrun.launcher <> - plugin [] was disabled because it doesn't support the given collection type.
389 [27776] INFO perfrun.launcher <> - plugin [] was disabled because it doesn't support the given collection type.
389 [27776] INFO perfrun.launcher <> - plugin [] was disabled because it doesn't support the given collection type.
389 [27776] INFO perfrun.launcher <> - plugin [] was disabled because it doesn't support the given collection type.
389 [27776] INFO perfrun.launcher <> - plugin [] was disabled because it doesn't support the given collection type.
389 [2320] INFO perfrun.launcher <> - set environment variable: PATH = C:\Program Files (x86)\Intel\oneAPI\advisor\2024.1\bin32\runtime;C:\Program Files (x86)\Intel\oneAPI\advisor\2024.1\bin64\runtime;C:\\Program Files (x86)\\Intel\\oneAPI\\compiler\\2024.1\\bin;C:\Python27;C:\Program Files (x86)\Windows Kits\10\Windows Performance Toolkit\;C:\Users\shumkin\AppData\Local\Programs\Python\Python312\Scripts\;C:\Users\shumkin\AppData\Local\Programs\Python\Python312\;C:\Users\shumkin\AppData\Local\Programs\Python\Launcher\;C:\Python27;C:\Users\shumkin\AppData\Local\Programs\Microsoft VS Code\bin;C:\Program Files (x86)\Intel\oneAPI\compiler\latest\bin\;
389 [2320] INFO perfrun.launcher <> - set environment variable: INTEL_LIBITTNOTIFY32 = C:\Program Files (x86)\Intel\oneAPI\advisor\2024.1\bin32\runtime\ittnotify_collector.dll
389 [2320] INFO perfrun.launcher <> - set environment variable: INTEL_LIBITTNOTIFY64 = C:\Program Files (x86)\Intel\oneAPI\advisor\2024.1\bin64\runtime\ittnotify_collector.dll
389 [2320] INFO perfrun.launcher <> - set environment variable: INTEL_ITTNOTIFY_GROUPS = 
389 [2320] INFO perfrun.launcher <> - set environment variable: INTEL_JIT_PROFILER32 = C:\Program Files (x86)\Intel\oneAPI\advisor\2024.1\bin32\runtime\ittnotify_collector.dll
390 [2320] INFO perfrun.launcher <> - set environment variable: INTEL_JIT_PROFILER64 = C:\Program Files (x86)\Intel\oneAPI\advisor\2024.1\bin64\runtime\ittnotify_collector.dll
390 [2320] INFO perfrun.launcher <> - set environment variable: ENABLE_JITPROFILING = 1
390 [2320] INFO perfrun.launcher <> - set environment variable: CL_CONFIG_USE_VTUNE = True
390 [2320] INFO perfrun.launcher <> - set environment variable: KMP_FORKJOIN_FRAMES = 0
390 [2320] INFO perfrun.launcher <> - set environment variable: KMP_FORKJOIN_FRAMES_MODE = 0
390 [2320] INFO perfrun.launcher <> - set environment variable: INTEL_MRTE_DATA_DIR = C:\Users\shumkin\Documents\GitHub\Education\HPS\n-bodys_new\n-body\n-body\e000\hs029\data.0
390 [2320] INFO perfrun.launcher <> - set environment variable: INTEL_MRTE_HOST_NAME = PROGRAMMER20.amplituda.loc
391 [2320] INFO perfrun.launcher <> - set environment variable: JAVA_TOOL_OPTIONS = -agentlib:advixe_tpssmrte_javaprof_1.0
391 [2320] INFO perfrun.launcher <> - set environment variable: PATH = C:\Program Files (x86)\Intel\oneAPI\advisor\2024.1\bin32\runtime;C:\Program Files (x86)\Intel\oneAPI\advisor\2024.1\bin64\runtime;C:\\Program Files (x86)\\Intel\\oneAPI\\compiler\\2024.1\\bin;C:\Python27;C:\Program Files (x86)\Windows Kits\10\Windows Performance Toolkit\;C:\Users\shumkin\AppData\Local\Programs\Python\Python312\Scripts\;C:\Users\shumkin\AppData\Local\Programs\Python\Python312\;C:\Users\shumkin\AppData\Local\Programs\Python\Launcher\;C:\Python27;C:\Users\shumkin\AppData\Local\Programs\Microsoft VS Code\bin;C:\Program Files (x86)\Intel\oneAPI\compiler\latest\bin\;
391 [2320] INFO perfrun.launcher <> - set environment variable: COR_ENABLE_PROFILING = 1
391 [2320] INFO perfrun.launcher <> - set environment variable: COR_PROFILER = {10337B79-F6CD-4df9-8D18-26A67272096B}
392 [2320] INFO perfrun.launcher <> - set environment variable: COMPLUS_ProfAPI_ProfilerCompatibilitySetting = EnableV2Profiler
392 [2320] INFO perfrun.launcher <> - set environment variable: CORECLR_ENABLE_PROFILING = 1
392 [2320] INFO perfrun.launcher <> - set environment variable: CORECLR_PROFILER = {10337B79-F6CD-4df9-8D18-26A67272096B}
392 [2320] INFO perfrun.launcher <> - set environment variable: CORECLR_PROFILER_PATH = C:\Program Files (x86)\Intel\oneAPI\advisor\2024.1\bin64/advixe_samplingmrte_clrprof_1.0.dll
392 [2320] INFO perfrun.launcher <> - set environment variable: INTEL_MRTE_PROFILER_MODE = mixed
392 [2320] INFO perfrun.launcher <> - RpcServer: run RPC server to handle requests
429 [2320] INFO perfrun.sdk <> - IProcessUtil: the given executable 'C:\\Users\\shumkin\\Documents\\GitHub\\Education\\HPS\\n-bodys_new\\n-body\\x64\\Debug\\n-body.exe' is valid.
429 [2320] INFO perfrun.launcher <> - Launcher: command line to start before modification = C:\\Users\\shumkin\\Documents\\GitHub\\Education\\HPS\\n-bodys_new\\n-body\\x64\\Debug\\n-body.exe
432 [2320] INFO perfrun.launcher <> - Launcher: command line to start after modification = C:\Program Files (x86)\Intel\oneAPI\advisor\2024.1\bin64\pin.exe -error_file C:\Users\shumkin\Documents\GitHub\Education\HPS\n-bodys_new\n-body\n-body\e000\hs029\data.0\pinerr.tpsslog -detach_reattach -probe -follow_execv -p32 C:\Program Files (x86)\Intel\oneAPI\advisor\2024.1\bin32\pin.exe -p64 C:\Program Files (x86)\Intel\oneAPI\advisor\2024.1\bin64\pin.exe -t64 C:\Program Files (x86)\Intel\oneAPI\advisor\2024.1\bin64\tpsstool.dll -t C:\Program Files (x86)\Intel\oneAPI\advisor\2024.1\bin32\tpsstool.dll -server_name tpss_ipc.20456 -prd_dir C:\Program Files (x86)\Intel\oneAPI\advisor\2024.1 -- C:\\Users\\shumkin\\Documents\\GitHub\\Education\\HPS\\n-bodys_new\\n-body\\x64\\Debug\\n-body.exe
432 [2320] INFO perfrun.launcher <> - ProcessCreator object was created
444 [2320] INFO perfrun.launcher <> - Launcher: the process was started in suspend mode
445 [27776] INFO perfrun.itt <> - start itt controller for pid #14628
445 [27776] INFO perfrun.tpss <> - start tpss controller for pid #14628
512 [2320] INFO perfrun.launcher <> - Launcher: all plugins were started
513 [2320] INFO perfrun.launcher <> - DirectoryMonitor object was created
513 [2320] INFO perfrun.launcher <> - DirectoryMonitor: a callback was added
513 [2320] INFO perfrun.launcher <> - DirectoryMonitor was started with pingTime = 1000
513 [2320] INFO perfrun.launcher <> - DeadlineTimer is going to be constructed
514 [2320] INFO perfrun.launcher <> - DeadlineTimer: a callback was added
523 [2320] INFO perfrun.launcher <> - Launcher: resume the profiled application and  wait its termination or stop command
6192 [2320] INFO perfrun.launcher <> - Launcher: the profiled application was terminated  with exit code = 0
6214 [27776] INFO perfrun.itt <> - detach itt controller
6214 [27776] INFO perfrun.itt <> - detach itt controller done
6214 [27776] INFO perfrun.tpss <> - stop tpss controller
6219 [27776] INFO perfrun.sdk <> - De-allocating TMU: C:\Users\shumkin\Documents\GitHub\Education\HPS\n-bodys_new\n-body\n-body\e000\hs029\data.0\systemcollector-20456-PROGRAMMER20.amplituda.loc.sc
6232 [27776] INFO perfrun.system <> - closed the system trace file: C:\Users\shumkin\Documents\GitHub\Education\HPS\n-bodys_new\n-body\n-body\e000\hs029\data.0\systemcollector-20456-PROGRAMMER20.amplituda.loc.sc
6233 [2320] INFO perfrun.launcher <> - Launcher: all plugins were stopped.
6233 [2320] INFO perfrun.launcher <> - DeadlineTimer is going to be destroyed
6233 [2320] INFO perfrun.launcher <> - DeadlineTimer was destroyed
6233 [2320] INFO perfrun.launcher <> - DirectoryMonitor object was destroyed
6233 [2320] WARN perfrun.launcher <> - Stop command is ignored because it is received when collection is already stopped, at file: vcs\perfrun1\launcher\src\command_handler.cpp:226
6235 [2320] INFO perfrun.launcher <> - Application exit code: 0
6235 [2320] INFO perfrun.launcher <> - Exit code: 0
