141 [796] INFO perfrun.launcher <> - Launcher main begin
149 [796] INFO perfrun.launcher <> - MessageCatalogInit finished
150 [796] INFO perfrun.launcher <> - Launcher instance created
150 [796] INFO perfrun.launcher <> - argc = 6; cmdline = C:\Program Files (x86)\Intel\oneAPI\advisor\2024.1\bin64\advixe-runss.exe --ui-output-format xml --ui-output-fd 5392 --context-value-list 
225 [796] INFO perfrun.launcher <> - New signal handler callback was added
339 [796] INFO perfrun.launcher <> - create msngr2::ICliToolContext
340 [796] INFO perfrun.launcher <> - create file finder object
342 [796] INFO perfrun.launcher <> - Put into the variant bag the context value: name = targetOS; value = Windows
342 [796] INFO perfrun.launcher <> - Put into the variant bag the context value: name = OS; value = Windows
342 [796] INFO perfrun.launcher <> - Put into the variant bag the context value: name = OSBuildNumber; value = 19045
342 [796] INFO perfrun.launcher <> - Put into the variant bag the context value: name = OSBitness; value = 64
342 [796] INFO perfrun.launcher <> - Put into the variant bag the context value: name = AdministratorPrivileges; value = false
342 [796] INFO perfrun.launcher <> - Put into the variant bag the context value: name = isPtraceScopeLimited; value = false
343 [796] INFO perfrun.launcher <> - Put into the variant bag the context value: name = isCATSupportedByCPU; value = false
343 [796] INFO perfrun.launcher <> - Put into the variant bag the context value: name = isL3MonitoringSupportedByCPU; value = false
343 [796] INFO perfrun.launcher <> - Put into the variant bag the context value: name = isTSXAvailable; value = false
343 [796] INFO perfrun.launcher <> - Put into the variant bag the context value: name = isPTAvailable; value = true
343 [796] INFO perfrun.launcher <> - Put into the variant bag the context value: name = isHTEnabled; value = true
343 [796] INFO perfrun.launcher <> - Put into the variant bag the context value: name = fpgaOnBoard; value = None
343 [796] INFO perfrun.launcher <> - Put into the variant bag the context value: name = omniPathOnBoard; value = None
343 [796] INFO perfrun.launcher <> - Put into the variant bag the context value: name = genArchOnBoard; value = 0
343 [796] INFO perfrun.launcher <> - Put into the variant bag the context value: name = pciClassParts; value = 
343 [796] INFO perfrun.launcher <> - Put into the variant bag the context value: name = tidValuesForIO; value = 
343 [796] INFO perfrun.launcher <> - Put into the variant bag the context value: name = populatedIoParts; value = 
344 [796] INFO perfrun.launcher <> - Put into the variant bag the context value: name = populatedIoUnits; value = 
344 [796] INFO perfrun.launcher <> - Put into the variant bag the context value: name = populatedTidValuesForIO; value = 
344 [796] INFO perfrun.launcher <> - Put into the variant bag the context value: name = isSGXAvailable; value = false
344 [796] INFO perfrun.launcher <> - Put into the variant bag the context value: name = Hypervisor; value = None
344 [796] INFO perfrun.launcher <> - Put into the variant bag the context value: name = PerfmonVersion; value = 5
344 [796] INFO perfrun.launcher <> - Put into the variant bag the context value: name = isMaxDRAMBandwidthMeasurementSupported; value = false
344 [796] INFO perfrun.launcher <> - Put into the variant bag the context value: name = preferedGpuAdapter; value = 0:1:0.0
344 [796] INFO perfrun.launcher <> - Put into the variant bag the context value: name = isEHFIAvailable; value = false
344 [796] INFO perfrun.launcher <> - Put into the variant bag the context value: name = areGpuHardwareMetricsAvailableList; value = 
344 [796] INFO perfrun.launcher <> - Put into the variant bag the context value: name = gpuPlatformIndexList; value = 
344 [796] INFO perfrun.launcher <> - Put into the variant bag the context value: name = isTPSSAvailable; value = true
345 [796] INFO perfrun.launcher <> - Put into the variant bag the context value: name = isPytraceAvailable; value = true
345 [796] INFO perfrun.launcher <> - Put into the variant bag the context value: name = isGENDebugInfoAvailableList; value = 
345 [796] INFO perfrun.launcher <> - Put into the variant bag the context value: name = isGTPinCollectionAvailableList; value = 
345 [796] INFO perfrun.launcher <> - Put into the variant bag the context value: name = forceShowInlines; value = false
345 [796] INFO perfrun.launcher <> - Application exit code: 0
345 [796] INFO perfrun.launcher <> - Exit code: 0
